14:59:18 DEBUG : Logs will be stored at '/home/duncan/QCS/IDE.log'.
15:00:09 INFO  : Launching XSCT server: xsct -n  -interactive /home/duncan/QCS/temp_xsdb_launch_script.tcl
15:00:09 INFO  : Registering command handlers for Vitis TCF services
15:00:12 INFO  : Platform repository initialization has completed.
15:00:15 INFO  : XSCT server has started successfully.
15:00:15 INFO  : Successfully done setting XSCT server connection channel  
15:00:15 INFO  : plnx-install-location is set to ''
15:00:22 INFO  : Successfully done setting workspace for the tool. 
15:00:22 INFO  : Successfully done query RDI_DATADIR 
15:03:03 INFO  : Result from executing command 'getProjects': design_1_wrapper
15:03:03 INFO  : Result from executing command 'getPlatforms': xilinx_vck190_base_202310_1|/media/duncan/Data/Vitis/2023.1/base_platforms/xilinx_vck190_base_202310_1/xilinx_vck190_base_202310_1.xpfm;xilinx_vck190_base_dfx_202310_1|/media/duncan/Data/Vitis/2023.1/base_platforms/xilinx_vck190_base_dfx_202310_1/xilinx_vck190_base_dfx_202310_1.xpfm;xilinx_vek280_es1_base_202310_1|/media/duncan/Data/Vitis/2023.1/base_platforms/xilinx_vek280_es1_base_202310_1/xilinx_vek280_es1_base_202310_1.xpfm;xilinx_vmk180_base_202310_1|/media/duncan/Data/Vitis/2023.1/base_platforms/xilinx_vmk180_base_202310_1/xilinx_vmk180_base_202310_1.xpfm;xilinx_zcu102_base_202310_1|/media/duncan/Data/Vitis/2023.1/base_platforms/xilinx_zcu102_base_202310_1/xilinx_zcu102_base_202310_1.xpfm;xilinx_zcu102_base_dfx_202310_1|/media/duncan/Data/Vitis/2023.1/base_platforms/xilinx_zcu102_base_dfx_202310_1/xilinx_zcu102_base_dfx_202310_1.xpfm;xilinx_zcu104_base_202310_1|/media/duncan/Data/Vitis/2023.1/base_platforms/xilinx_zcu104_base_202310_1/xilinx_zcu104_base_202310_1.xpfm
15:03:04 WARN  : An unexpected exception occurred in the module 'platform project logging'
15:03:05 INFO  : Platform 'design_1_wrapper' is added to custom repositories.
15:03:09 INFO  : Platform 'design_1_wrapper' is added to custom repositories.
15:12:49 DEBUG : Logs will be stored at '/home/duncan/QCS/IDE.log'.
15:12:49 INFO  : Launching XSCT server: xsct -n  -interactive /home/duncan/QCS/temp_xsdb_launch_script.tcl
15:12:51 INFO  : XSCT server has started successfully.
15:12:51 INFO  : Successfully done setting XSCT server connection channel  
15:12:51 INFO  : plnx-install-location is set to ''
15:12:51 INFO  : Successfully done setting workspace for the tool. 
15:12:54 INFO  : Registering command handlers for Vitis TCF services
15:12:54 INFO  : Successfully done query RDI_DATADIR 
15:12:55 INFO  : Platform repository initialization has completed.
