21:45:52 DEBUG : Logs will be stored at '/home/duncan/QCS/Vitis/IDE.log'.
21:45:55 INFO  : Launching XSCT server: xsct -n  -interactive /home/duncan/QCS/Vitis/temp_xsdb_launch_script.tcl
21:45:55 INFO  : Registering command handlers for Vitis TCF services
21:45:56 INFO  : Platform repository initialization has completed.
21:45:57 INFO  : XSCT server has started successfully.
21:45:57 INFO  : Successfully done setting XSCT server connection channel  
21:45:57 INFO  : plnx-install-location is set to ''
21:45:57 INFO  : Successfully done setting workspace for the tool. 
21:45:57 INFO  : Successfully done query RDI_DATADIR 
21:46:26 INFO  : Result from executing command 'getProjects': design_1_wrapper
21:46:26 INFO  : Result from executing command 'getPlatforms': xilinx_vck190_base_202310_1|/media/duncan/Data/Vitis/2023.1/base_platforms/xilinx_vck190_base_202310_1/xilinx_vck190_base_202310_1.xpfm;xilinx_vck190_base_dfx_202310_1|/media/duncan/Data/Vitis/2023.1/base_platforms/xilinx_vck190_base_dfx_202310_1/xilinx_vck190_base_dfx_202310_1.xpfm;xilinx_vek280_es1_base_202310_1|/media/duncan/Data/Vitis/2023.1/base_platforms/xilinx_vek280_es1_base_202310_1/xilinx_vek280_es1_base_202310_1.xpfm;xilinx_vmk180_base_202310_1|/media/duncan/Data/Vitis/2023.1/base_platforms/xilinx_vmk180_base_202310_1/xilinx_vmk180_base_202310_1.xpfm;xilinx_zcu102_base_202310_1|/media/duncan/Data/Vitis/2023.1/base_platforms/xilinx_zcu102_base_202310_1/xilinx_zcu102_base_202310_1.xpfm;xilinx_zcu102_base_dfx_202310_1|/media/duncan/Data/Vitis/2023.1/base_platforms/xilinx_zcu102_base_dfx_202310_1/xilinx_zcu102_base_dfx_202310_1.xpfm;xilinx_zcu104_base_202310_1|/media/duncan/Data/Vitis/2023.1/base_platforms/xilinx_zcu104_base_202310_1/xilinx_zcu104_base_202310_1.xpfm
21:46:27 WARN  : An unexpected exception occurred in the module 'platform project logging'
21:46:28 INFO  : Platform 'design_1_wrapper' is added to custom repositories.
21:46:30 INFO  : Platform 'design_1_wrapper' is added to custom repositories.
21:46:48 INFO  : Result from executing command 'getProjects': design_1_wrapper
21:46:48 INFO  : Result from executing command 'getPlatforms': design_1_wrapper|/home/duncan/QCS/Vitis/design_1_wrapper/export/design_1_wrapper/design_1_wrapper.xpfm;xilinx_vck190_base_202310_1|/media/duncan/Data/Vitis/2023.1/base_platforms/xilinx_vck190_base_202310_1/xilinx_vck190_base_202310_1.xpfm;xilinx_vck190_base_dfx_202310_1|/media/duncan/Data/Vitis/2023.1/base_platforms/xilinx_vck190_base_dfx_202310_1/xilinx_vck190_base_dfx_202310_1.xpfm;xilinx_vek280_es1_base_202310_1|/media/duncan/Data/Vitis/2023.1/base_platforms/xilinx_vek280_es1_base_202310_1/xilinx_vek280_es1_base_202310_1.xpfm;xilinx_vmk180_base_202310_1|/media/duncan/Data/Vitis/2023.1/base_platforms/xilinx_vmk180_base_202310_1/xilinx_vmk180_base_202310_1.xpfm;xilinx_zcu102_base_202310_1|/media/duncan/Data/Vitis/2023.1/base_platforms/xilinx_zcu102_base_202310_1/xilinx_zcu102_base_202310_1.xpfm;xilinx_zcu102_base_dfx_202310_1|/media/duncan/Data/Vitis/2023.1/base_platforms/xilinx_zcu102_base_dfx_202310_1/xilinx_zcu102_base_dfx_202310_1.xpfm;xilinx_zcu104_base_202310_1|/media/duncan/Data/Vitis/2023.1/base_platforms/xilinx_zcu104_base_202310_1/xilinx_zcu104_base_202310_1.xpfm
21:46:52 INFO  : Checking for BSP changes to sync application flags for project 'test'...
21:47:11 INFO  : Bit file '/home/duncan/QCS/Vitis/test/_ide/bitstream/download.bit' is generated.
21:47:11 INFO  : Connected to target on host '127.0.0.1' and port '3121'.
21:47:11 INFO  : 'targets -set -filter {jtag_cable_name =~ "Digilent Arty A7-35T 210319B58134A" && level==0 && jtag_device_ctx=="jsn-Arty A7-35T-210319B58134A-0362d093-0"}' command is executed.
21:47:13 INFO  : Device configured successfully with "/home/duncan/QCS/Vitis/test/_ide/bitstream/download.bit"
21:47:22 INFO  : Connected to target on host '127.0.0.1' and port '3121'.
21:47:22 INFO  : Jtag cable 'Digilent Arty A7-35T 210319B58134A' is selected.
21:47:22 INFO  : 'jtag frequency' command is executed.
21:47:22 INFO  : 'targets -set -filter {jtag_cable_name =~ "Digilent Arty A7-35T 210319B58134A" && level==0 && jtag_device_ctx=="jsn-Arty A7-35T-210319B58134A-0362d093-0"}' command is executed.
21:47:24 INFO  : Device configured successfully with "/home/duncan/QCS/Vitis/test/_ide/bitstream/download.bit"
21:47:24 INFO  : Context for processor 'microblaze_0' is selected.
21:47:24 INFO  : Hardware design and registers information is loaded from '/home/duncan/QCS/Vitis/design_1_wrapper/export/design_1_wrapper/hw/design_1_wrapper.xsa'.
21:47:24 INFO  : 'configparams mdm-detect-bscan-mask 2' command is executed.
21:47:24 INFO  : Context for processor 'microblaze_0' is selected.
21:47:24 INFO  : System reset is completed.
21:47:27 INFO  : 'after 3000' command is executed.
21:47:27 INFO  : Context for processor 'microblaze_0' is selected.
21:47:27 INFO  : The application '/home/duncan/QCS/Vitis/test/Debug/test.elf' is downloaded to processor 'microblaze_0'.
21:47:27 INFO  : ----------------XSDB Script----------------
connect -url tcp:127.0.0.1:3121
targets -set -filter {jtag_cable_name =~ "Digilent Arty A7-35T 210319B58134A" && level==0 && jtag_device_ctx=="jsn-Arty A7-35T-210319B58134A-0362d093-0"}
fpga -file /home/duncan/QCS/Vitis/test/_ide/bitstream/download.bit
targets -set -nocase -filter {name =~ "*microblaze*#0" && bscan=="USER2" }
loadhw -hw /home/duncan/QCS/Vitis/design_1_wrapper/export/design_1_wrapper/hw/design_1_wrapper.xsa -regs
configparams mdm-detect-bscan-mask 2
targets -set -nocase -filter {name =~ "*microblaze*#0" && bscan=="USER2" }
rst -system
after 3000
targets -set -nocase -filter {name =~ "*microblaze*#0" && bscan=="USER2" }
dow /home/duncan/QCS/Vitis/test/Debug/test.elf
----------------End of Script----------------

21:47:27 INFO  : Context for processor 'microblaze_0' is selected.
21:47:27 INFO  : 'con' command is executed.
21:47:27 INFO  : ----------------XSDB Script (After Launch)----------------
targets -set -nocase -filter {name =~ "*microblaze*#0" && bscan=="USER2" }
con
----------------End of Script----------------

21:47:27 INFO  : Launch script is exported to file '/home/duncan/QCS/Vitis/test_system/_ide/scripts/debugger_test-default.tcl'
07:17:27 ERROR : (XSDB Server)exit due to repeated abort signals

17:34:00 ERROR : (XSDB Server)Hangup

18:13:11 DEBUG : Logs will be stored at '/home/duncan/QCS/Vitis/IDE.log'.
18:13:13 INFO  : Launching XSCT server: xsct -n  -interactive /home/duncan/QCS/Vitis/temp_xsdb_launch_script.tcl
18:13:20 INFO  : XSCT server has started successfully.
18:13:20 INFO  : plnx-install-location is set to ''
18:13:20 INFO  : Successfully done setting XSCT server connection channel  
18:13:20 INFO  : Successfully done setting workspace for the tool. 
18:13:22 INFO  : Platform repository initialization has completed.
18:14:07 INFO  : Registering command handlers for Vitis TCF services
18:14:16 INFO  : Successfully done query RDI_DATADIR 
18:16:55 INFO  : Result from executing command 'getProjects': QCS_1_wrapper;design_1_wrapper
18:16:55 INFO  : Result from executing command 'getPlatforms': design_1_wrapper|/home/duncan/QCS/Vitis/design_1_wrapper/export/design_1_wrapper/design_1_wrapper.xpfm;xilinx_vck190_base_202310_1|/media/duncan/Data/Vitis/2023.1/base_platforms/xilinx_vck190_base_202310_1/xilinx_vck190_base_202310_1.xpfm;xilinx_vck190_base_dfx_202310_1|/media/duncan/Data/Vitis/2023.1/base_platforms/xilinx_vck190_base_dfx_202310_1/xilinx_vck190_base_dfx_202310_1.xpfm;xilinx_vek280_es1_base_202310_1|/media/duncan/Data/Vitis/2023.1/base_platforms/xilinx_vek280_es1_base_202310_1/xilinx_vek280_es1_base_202310_1.xpfm;xilinx_vmk180_base_202310_1|/media/duncan/Data/Vitis/2023.1/base_platforms/xilinx_vmk180_base_202310_1/xilinx_vmk180_base_202310_1.xpfm;xilinx_zcu102_base_202310_1|/media/duncan/Data/Vitis/2023.1/base_platforms/xilinx_zcu102_base_202310_1/xilinx_zcu102_base_202310_1.xpfm;xilinx_zcu102_base_dfx_202310_1|/media/duncan/Data/Vitis/2023.1/base_platforms/xilinx_zcu102_base_dfx_202310_1/xilinx_zcu102_base_dfx_202310_1.xpfm;xilinx_zcu104_base_202310_1|/media/duncan/Data/Vitis/2023.1/base_platforms/xilinx_zcu104_base_202310_1/xilinx_zcu104_base_202310_1.xpfm
18:16:55 WARN  : An unexpected exception occurred in the module 'platform project logging'
18:16:56 INFO  : Platform 'QCS_1_wrapper' is added to custom repositories.
18:17:00 INFO  : Platform 'QCS_1_wrapper' is added to custom repositories.
18:18:00 INFO  : Result from executing command 'getProjects': QCS_1_wrapper;design_1_wrapper
18:18:00 INFO  : Result from executing command 'getPlatforms': QCS_1_wrapper|/home/duncan/QCS/Vitis/QCS_1_wrapper/export/QCS_1_wrapper/QCS_1_wrapper.xpfm;design_1_wrapper|/home/duncan/QCS/Vitis/design_1_wrapper/export/design_1_wrapper/design_1_wrapper.xpfm;xilinx_vck190_base_202310_1|/media/duncan/Data/Vitis/2023.1/base_platforms/xilinx_vck190_base_202310_1/xilinx_vck190_base_202310_1.xpfm;xilinx_vck190_base_dfx_202310_1|/media/duncan/Data/Vitis/2023.1/base_platforms/xilinx_vck190_base_dfx_202310_1/xilinx_vck190_base_dfx_202310_1.xpfm;xilinx_vek280_es1_base_202310_1|/media/duncan/Data/Vitis/2023.1/base_platforms/xilinx_vek280_es1_base_202310_1/xilinx_vek280_es1_base_202310_1.xpfm;xilinx_vmk180_base_202310_1|/media/duncan/Data/Vitis/2023.1/base_platforms/xilinx_vmk180_base_202310_1/xilinx_vmk180_base_202310_1.xpfm;xilinx_zcu102_base_202310_1|/media/duncan/Data/Vitis/2023.1/base_platforms/xilinx_zcu102_base_202310_1/xilinx_zcu102_base_202310_1.xpfm;xilinx_zcu102_base_dfx_202310_1|/media/duncan/Data/Vitis/2023.1/base_platforms/xilinx_zcu102_base_dfx_202310_1/xilinx_zcu102_base_dfx_202310_1.xpfm;xilinx_zcu104_base_202310_1|/media/duncan/Data/Vitis/2023.1/base_platforms/xilinx_zcu104_base_202310_1/xilinx_zcu104_base_202310_1.xpfm
18:18:04 INFO  : Checking for BSP changes to sync application flags for project 'Print_Registers'...
18:18:33 INFO  : Connected to target on host '127.0.0.1' and port '3121'.
18:18:34 INFO  : Jtag cable 'Digilent Arty A7-35T 210319B58134A' is selected.
18:18:34 INFO  : 'jtag frequency' command is executed.
18:18:34 INFO  : 'targets -set -filter {jtag_cable_name =~ "Digilent Arty A7-35T 210319B58134A" && level==0 && jtag_device_ctx=="jsn-Arty A7-35T-210319B58134A-0362d093-0"}' command is executed.
18:18:35 INFO  : Device configured successfully with "/home/duncan/QCS/Vitis/Print_Registers/_ide/bitstream/QCS_1_wrapper.bit"
18:18:35 INFO  : Context for processor 'microblaze_0' is selected.
18:18:35 INFO  : Hardware design and registers information is loaded from '/home/duncan/QCS/Vitis/QCS_1_wrapper/export/QCS_1_wrapper/hw/QCS_1_wrapper.xsa'.
18:18:35 INFO  : 'configparams mdm-detect-bscan-mask 2' command is executed.
18:18:35 INFO  : Context for processor 'microblaze_0' is selected.
18:18:35 INFO  : System reset is completed.
18:18:38 INFO  : 'after 3000' command is executed.
18:18:38 INFO  : Context for processor 'microblaze_0' is selected.
18:18:38 ERROR : Cannot stop MicroBlaze. MicroBlaze is held in reset
18:18:38 INFO  : ----------------XSDB Script----------------
connect -url tcp:127.0.0.1:3121
targets -set -filter {jtag_cable_name =~ "Digilent Arty A7-35T 210319B58134A" && level==0 && jtag_device_ctx=="jsn-Arty A7-35T-210319B58134A-0362d093-0"}
fpga -file /home/duncan/QCS/Vitis/Print_Registers/_ide/bitstream/QCS_1_wrapper.bit
targets -set -nocase -filter {name =~ "*microblaze*#0" && bscan=="USER2" }
loadhw -hw /home/duncan/QCS/Vitis/QCS_1_wrapper/export/QCS_1_wrapper/hw/QCS_1_wrapper.xsa -regs
configparams mdm-detect-bscan-mask 2
targets -set -nocase -filter {name =~ "*microblaze*#0" && bscan=="USER2" }
rst -system
after 3000
targets -set -nocase -filter {name =~ "*microblaze*#0" && bscan=="USER2" }
dow /home/duncan/QCS/Vitis/Print_Registers/Debug/Print_Registers.elf
----------------End of Script----------------

18:18:38 ERROR : Cannot stop MicroBlaze. MicroBlaze is held in reset
18:21:53 INFO  : Connected to target on host '127.0.0.1' and port '3121'.
18:21:54 INFO  : Jtag cable 'Digilent Arty A7-35T 210319B58134A' is selected.
18:21:54 INFO  : 'jtag frequency' command is executed.
18:21:54 INFO  : 'targets -set -filter {jtag_cable_name =~ "Digilent Arty A7-35T 210319B58134A" && level==0 && jtag_device_ctx=="jsn-Arty A7-35T-210319B58134A-0362d093-0"}' command is executed.
18:21:55 INFO  : Device configured successfully with "/home/duncan/QCS/Vitis/Print_Registers/_ide/bitstream/QCS_1_wrapper.bit"
18:21:55 INFO  : Context for processor 'microblaze_0' is selected.
18:21:55 INFO  : Hardware design and registers information is loaded from '/home/duncan/QCS/Vitis/QCS_1_wrapper/export/QCS_1_wrapper/hw/QCS_1_wrapper.xsa'.
18:21:55 INFO  : 'configparams mdm-detect-bscan-mask 2' command is executed.
18:21:55 INFO  : Context for processor 'microblaze_0' is selected.
18:21:55 INFO  : System reset is completed.
18:21:58 INFO  : 'after 3000' command is executed.
18:21:58 INFO  : Context for processor 'microblaze_0' is selected.
18:21:58 ERROR : Cannot stop MicroBlaze. MicroBlaze is held in reset
18:21:58 INFO  : ----------------XSDB Script----------------
connect -url tcp:127.0.0.1:3121
targets -set -filter {jtag_cable_name =~ "Digilent Arty A7-35T 210319B58134A" && level==0 && jtag_device_ctx=="jsn-Arty A7-35T-210319B58134A-0362d093-0"}
fpga -file /home/duncan/QCS/Vitis/Print_Registers/_ide/bitstream/QCS_1_wrapper.bit
targets -set -nocase -filter {name =~ "*microblaze*#0" && bscan=="USER2" }
loadhw -hw /home/duncan/QCS/Vitis/QCS_1_wrapper/export/QCS_1_wrapper/hw/QCS_1_wrapper.xsa -regs
configparams mdm-detect-bscan-mask 2
targets -set -nocase -filter {name =~ "*microblaze*#0" && bscan=="USER2" }
rst -system
after 3000
targets -set -nocase -filter {name =~ "*microblaze*#0" && bscan=="USER2" }
dow /home/duncan/QCS/Vitis/Print_Registers/Debug/Print_Registers.elf
----------------End of Script----------------

18:21:58 ERROR : Cannot stop MicroBlaze. MicroBlaze is held in reset
18:22:11 INFO  : Connected to target on host '127.0.0.1' and port '3121'.
18:22:11 INFO  : Jtag cable 'Digilent Arty A7-35T 210319B58134A' is selected.
18:22:11 INFO  : 'jtag frequency' command is executed.
18:22:12 INFO  : 'targets -set -filter {jtag_cable_name =~ "Digilent Arty A7-35T 210319B58134A" && level==0 && jtag_device_ctx=="jsn-Arty A7-35T-210319B58134A-0362d093-0"}' command is executed.
18:22:13 INFO  : Device configured successfully with "/home/duncan/QCS/Vitis/Print_Registers/_ide/bitstream/QCS_1_wrapper.bit"
18:22:13 INFO  : Context for processor 'microblaze_0' is selected.
18:22:13 INFO  : Hardware design and registers information is loaded from '/home/duncan/QCS/Vitis/QCS_1_wrapper/export/QCS_1_wrapper/hw/QCS_1_wrapper.xsa'.
18:22:13 INFO  : 'configparams mdm-detect-bscan-mask 2' command is executed.
18:22:13 INFO  : Context for processor 'microblaze_0' is selected.
18:22:13 INFO  : System reset is completed.
18:22:16 INFO  : 'after 3000' command is executed.
18:22:16 INFO  : Context for processor 'microblaze_0' is selected.
18:22:16 INFO  : The application '/home/duncan/QCS/Vitis/Print_Registers/Debug/Print_Registers.elf' is downloaded to processor 'microblaze_0'.
18:22:16 INFO  : ----------------XSDB Script----------------
connect -url tcp:127.0.0.1:3121
targets -set -filter {jtag_cable_name =~ "Digilent Arty A7-35T 210319B58134A" && level==0 && jtag_device_ctx=="jsn-Arty A7-35T-210319B58134A-0362d093-0"}
fpga -file /home/duncan/QCS/Vitis/Print_Registers/_ide/bitstream/QCS_1_wrapper.bit
targets -set -nocase -filter {name =~ "*microblaze*#0" && bscan=="USER2" }
loadhw -hw /home/duncan/QCS/Vitis/QCS_1_wrapper/export/QCS_1_wrapper/hw/QCS_1_wrapper.xsa -regs
configparams mdm-detect-bscan-mask 2
targets -set -nocase -filter {name =~ "*microblaze*#0" && bscan=="USER2" }
rst -system
after 3000
targets -set -nocase -filter {name =~ "*microblaze*#0" && bscan=="USER2" }
dow /home/duncan/QCS/Vitis/Print_Registers/Debug/Print_Registers.elf
----------------End of Script----------------

18:22:16 INFO  : Context for processor 'microblaze_0' is selected.
18:22:16 INFO  : 'con' command is executed.
18:22:16 INFO  : ----------------XSDB Script (After Launch)----------------
targets -set -nocase -filter {name =~ "*microblaze*#0" && bscan=="USER2" }
con
----------------End of Script----------------

18:22:16 INFO  : Launch script is exported to file '/home/duncan/QCS/Vitis/Print_Registers_system/_ide/scripts/systemdebugger_print_registers_system_standalone.tcl'
18:34:01 INFO  : Checking for BSP changes to sync application flags for project 'Print_Registers'...
18:36:43 INFO  : Checking for BSP changes to sync application flags for project 'Print_Registers'...
18:37:46 INFO  : Checking for BSP changes to sync application flags for project 'Print_Registers'...
18:38:17 INFO  : Checking for BSP changes to sync application flags for project 'Print_Registers'...
18:38:47 INFO  : Checking for BSP changes to sync application flags for project 'Print_Registers'...
18:53:28 INFO  : Checking for BSP changes to sync application flags for project 'Print_Registers'...
18:54:45 INFO  : Checking for BSP changes to sync application flags for project 'Print_Registers'...
18:54:53 INFO  : Checking for BSP changes to sync application flags for project 'Print_Registers'...
18:55:14 INFO  : Checking for BSP changes to sync application flags for project 'Print_Registers'...
18:55:45 INFO  : Checking for BSP changes to sync application flags for project 'Print_Registers'...
18:56:28 INFO  : Checking for BSP changes to sync application flags for project 'Print_Registers'...
18:58:40 INFO  : Result from executing command 'removePlatformRepo': 
18:58:47 INFO  : Result from executing command 'getProjects': QCS_1_wrapper;design_1_wrapper
18:58:47 INFO  : Result from executing command 'getPlatforms': design_1_wrapper|/home/duncan/QCS/Vitis/design_1_wrapper/export/design_1_wrapper/design_1_wrapper.xpfm;xilinx_vck190_base_202310_1|/media/duncan/Data/Vitis/2023.1/base_platforms/xilinx_vck190_base_202310_1/xilinx_vck190_base_202310_1.xpfm;xilinx_vck190_base_dfx_202310_1|/media/duncan/Data/Vitis/2023.1/base_platforms/xilinx_vck190_base_dfx_202310_1/xilinx_vck190_base_dfx_202310_1.xpfm;xilinx_vek280_es1_base_202310_1|/media/duncan/Data/Vitis/2023.1/base_platforms/xilinx_vek280_es1_base_202310_1/xilinx_vek280_es1_base_202310_1.xpfm;xilinx_vmk180_base_202310_1|/media/duncan/Data/Vitis/2023.1/base_platforms/xilinx_vmk180_base_202310_1/xilinx_vmk180_base_202310_1.xpfm;xilinx_zcu102_base_202310_1|/media/duncan/Data/Vitis/2023.1/base_platforms/xilinx_zcu102_base_202310_1/xilinx_zcu102_base_202310_1.xpfm;xilinx_zcu102_base_dfx_202310_1|/media/duncan/Data/Vitis/2023.1/base_platforms/xilinx_zcu102_base_dfx_202310_1/xilinx_zcu102_base_dfx_202310_1.xpfm;xilinx_zcu104_base_202310_1|/media/duncan/Data/Vitis/2023.1/base_platforms/xilinx_zcu104_base_202310_1/xilinx_zcu104_base_202310_1.xpfm
18:58:50 INFO  : Checking for BSP changes to sync application flags for project 'Print_Registers'...
18:59:31 INFO  : Checking for BSP changes to sync application flags for project 'Print_Registers'...
18:59:35 INFO  : Result from executing command 'getProjects': QCS_1_wrapper;design_1_wrapper
18:59:35 INFO  : Result from executing command 'getPlatforms': QCS_1_wrapper|/home/duncan/QCS/Vitis/QCS_1_wrapper/export/QCS_1_wrapper/QCS_1_wrapper.xpfm;design_1_wrapper|/home/duncan/QCS/Vitis/design_1_wrapper/export/design_1_wrapper/design_1_wrapper.xpfm;xilinx_vck190_base_202310_1|/media/duncan/Data/Vitis/2023.1/base_platforms/xilinx_vck190_base_202310_1/xilinx_vck190_base_202310_1.xpfm;xilinx_vck190_base_dfx_202310_1|/media/duncan/Data/Vitis/2023.1/base_platforms/xilinx_vck190_base_dfx_202310_1/xilinx_vck190_base_dfx_202310_1.xpfm;xilinx_vek280_es1_base_202310_1|/media/duncan/Data/Vitis/2023.1/base_platforms/xilinx_vek280_es1_base_202310_1/xilinx_vek280_es1_base_202310_1.xpfm;xilinx_vmk180_base_202310_1|/media/duncan/Data/Vitis/2023.1/base_platforms/xilinx_vmk180_base_202310_1/xilinx_vmk180_base_202310_1.xpfm;xilinx_zcu102_base_202310_1|/media/duncan/Data/Vitis/2023.1/base_platforms/xilinx_zcu102_base_202310_1/xilinx_zcu102_base_202310_1.xpfm;xilinx_zcu102_base_dfx_202310_1|/media/duncan/Data/Vitis/2023.1/base_platforms/xilinx_zcu102_base_dfx_202310_1/xilinx_zcu102_base_dfx_202310_1.xpfm;xilinx_zcu104_base_202310_1|/media/duncan/Data/Vitis/2023.1/base_platforms/xilinx_zcu104_base_202310_1/xilinx_zcu104_base_202310_1.xpfm
18:59:39 INFO  : Checking for BSP changes to sync application flags for project 'test'...
19:03:39 INFO  : Hardware specification for platform project 'QCS_1_wrapper' is updated.
19:03:49 INFO  : Result from executing command 'removePlatformRepo': 
19:04:03 INFO  : Result from executing command 'getProjects': QCS_1_wrapper;design_1_wrapper
19:04:03 INFO  : Result from executing command 'getPlatforms': design_1_wrapper|/home/duncan/QCS/Vitis/design_1_wrapper/export/design_1_wrapper/design_1_wrapper.xpfm;xilinx_vck190_base_202310_1|/media/duncan/Data/Vitis/2023.1/base_platforms/xilinx_vck190_base_202310_1/xilinx_vck190_base_202310_1.xpfm;xilinx_vck190_base_dfx_202310_1|/media/duncan/Data/Vitis/2023.1/base_platforms/xilinx_vck190_base_dfx_202310_1/xilinx_vck190_base_dfx_202310_1.xpfm;xilinx_vek280_es1_base_202310_1|/media/duncan/Data/Vitis/2023.1/base_platforms/xilinx_vek280_es1_base_202310_1/xilinx_vek280_es1_base_202310_1.xpfm;xilinx_vmk180_base_202310_1|/media/duncan/Data/Vitis/2023.1/base_platforms/xilinx_vmk180_base_202310_1/xilinx_vmk180_base_202310_1.xpfm;xilinx_zcu102_base_202310_1|/media/duncan/Data/Vitis/2023.1/base_platforms/xilinx_zcu102_base_202310_1/xilinx_zcu102_base_202310_1.xpfm;xilinx_zcu102_base_dfx_202310_1|/media/duncan/Data/Vitis/2023.1/base_platforms/xilinx_zcu102_base_dfx_202310_1/xilinx_zcu102_base_dfx_202310_1.xpfm;xilinx_zcu104_base_202310_1|/media/duncan/Data/Vitis/2023.1/base_platforms/xilinx_zcu104_base_202310_1/xilinx_zcu104_base_202310_1.xpfm
19:04:07 INFO  : Checking for BSP changes to sync application flags for project 'Print_Registers'...
19:04:09 INFO  : The hardware specification used by project 'Print_Registers' is out of sync with the platform. Resource files extracted from the hardware specification will be updated.
19:04:09 INFO  : The file '/home/duncan/QCS/Vitis/Print_Registers/_ide/bitstream/QCS_1_wrapper.mmi' stored in project is removed.
19:04:09 INFO  : The file '/home/duncan/QCS/Vitis/Print_Registers/_ide/bitstream/QCS_1_wrapper.bit' stored in project is removed.
19:04:09 INFO  : The updated bitstream files are copied from platform to folder '/home/duncan/QCS/Vitis/Print_Registers/_ide/bitstream' in project 'Print_Registers'.
19:06:40 INFO  : Successfully removed platform .
19:06:40 INFO  : Platform 'QCS_1_wrapper' is added to custom repositories.
19:07:12 INFO  : Result from executing command 'removePlatformRepo': 
19:07:29 INFO  : Result from executing command 'getProjects': QCS_1_wrapper;design_1_wrapper
19:07:29 INFO  : Result from executing command 'getPlatforms': design_1_wrapper|/home/duncan/QCS/Vitis/design_1_wrapper/export/design_1_wrapper/design_1_wrapper.xpfm;xilinx_vck190_base_202310_1|/media/duncan/Data/Vitis/2023.1/base_platforms/xilinx_vck190_base_202310_1/xilinx_vck190_base_202310_1.xpfm;xilinx_vck190_base_dfx_202310_1|/media/duncan/Data/Vitis/2023.1/base_platforms/xilinx_vck190_base_dfx_202310_1/xilinx_vck190_base_dfx_202310_1.xpfm;xilinx_vek280_es1_base_202310_1|/media/duncan/Data/Vitis/2023.1/base_platforms/xilinx_vek280_es1_base_202310_1/xilinx_vek280_es1_base_202310_1.xpfm;xilinx_vmk180_base_202310_1|/media/duncan/Data/Vitis/2023.1/base_platforms/xilinx_vmk180_base_202310_1/xilinx_vmk180_base_202310_1.xpfm;xilinx_zcu102_base_202310_1|/media/duncan/Data/Vitis/2023.1/base_platforms/xilinx_zcu102_base_202310_1/xilinx_zcu102_base_202310_1.xpfm;xilinx_zcu102_base_dfx_202310_1|/media/duncan/Data/Vitis/2023.1/base_platforms/xilinx_zcu102_base_dfx_202310_1/xilinx_zcu102_base_dfx_202310_1.xpfm;xilinx_zcu104_base_202310_1|/media/duncan/Data/Vitis/2023.1/base_platforms/xilinx_zcu104_base_202310_1/xilinx_zcu104_base_202310_1.xpfm
19:07:33 INFO  : Checking for BSP changes to sync application flags for project 'Print_Registers'...
19:12:30 INFO  : No changes in MSS file content so sources will not be generated.
19:12:45 INFO  : Result from executing command 'getProjects': QCS_1_wrapper;design_1_wrapper
19:12:45 INFO  : Result from executing command 'getPlatforms': QCS_1_wrapper|/home/duncan/QCS/Vitis/QCS_1_wrapper/export/QCS_1_wrapper/QCS_1_wrapper.xpfm;design_1_wrapper|/home/duncan/QCS/Vitis/design_1_wrapper/export/design_1_wrapper/design_1_wrapper.xpfm;xilinx_vck190_base_202310_1|/media/duncan/Data/Vitis/2023.1/base_platforms/xilinx_vck190_base_202310_1/xilinx_vck190_base_202310_1.xpfm;xilinx_vck190_base_dfx_202310_1|/media/duncan/Data/Vitis/2023.1/base_platforms/xilinx_vck190_base_dfx_202310_1/xilinx_vck190_base_dfx_202310_1.xpfm;xilinx_vek280_es1_base_202310_1|/media/duncan/Data/Vitis/2023.1/base_platforms/xilinx_vek280_es1_base_202310_1/xilinx_vek280_es1_base_202310_1.xpfm;xilinx_vmk180_base_202310_1|/media/duncan/Data/Vitis/2023.1/base_platforms/xilinx_vmk180_base_202310_1/xilinx_vmk180_base_202310_1.xpfm;xilinx_zcu102_base_202310_1|/media/duncan/Data/Vitis/2023.1/base_platforms/xilinx_zcu102_base_202310_1/xilinx_zcu102_base_202310_1.xpfm;xilinx_zcu102_base_dfx_202310_1|/media/duncan/Data/Vitis/2023.1/base_platforms/xilinx_zcu102_base_dfx_202310_1/xilinx_zcu102_base_dfx_202310_1.xpfm;xilinx_zcu104_base_202310_1|/media/duncan/Data/Vitis/2023.1/base_platforms/xilinx_zcu104_base_202310_1/xilinx_zcu104_base_202310_1.xpfm
19:12:49 INFO  : Checking for BSP changes to sync application flags for project 'Print_Registers'...
19:14:19 INFO  : Successfully generated /home/duncan/QCS/Vitis/Print_Registers/src/lscript.ld.
19:14:19 INFO  : Applying linker script to all configurations of project Print_Registers.
19:14:19 INFO  : Setting rebuild state to true for all configurations of project Print_Registers.
19:14:31 INFO  : Result from executing command 'getProjects': QCS_1_wrapper;design_1_wrapper
19:14:31 INFO  : Result from executing command 'getPlatforms': QCS_1_wrapper|/home/duncan/QCS/Vitis/QCS_1_wrapper/export/QCS_1_wrapper/QCS_1_wrapper.xpfm;design_1_wrapper|/home/duncan/QCS/Vitis/design_1_wrapper/export/design_1_wrapper/design_1_wrapper.xpfm;xilinx_vck190_base_202310_1|/media/duncan/Data/Vitis/2023.1/base_platforms/xilinx_vck190_base_202310_1/xilinx_vck190_base_202310_1.xpfm;xilinx_vck190_base_dfx_202310_1|/media/duncan/Data/Vitis/2023.1/base_platforms/xilinx_vck190_base_dfx_202310_1/xilinx_vck190_base_dfx_202310_1.xpfm;xilinx_vek280_es1_base_202310_1|/media/duncan/Data/Vitis/2023.1/base_platforms/xilinx_vek280_es1_base_202310_1/xilinx_vek280_es1_base_202310_1.xpfm;xilinx_vmk180_base_202310_1|/media/duncan/Data/Vitis/2023.1/base_platforms/xilinx_vmk180_base_202310_1/xilinx_vmk180_base_202310_1.xpfm;xilinx_zcu102_base_202310_1|/media/duncan/Data/Vitis/2023.1/base_platforms/xilinx_zcu102_base_202310_1/xilinx_zcu102_base_202310_1.xpfm;xilinx_zcu102_base_dfx_202310_1|/media/duncan/Data/Vitis/2023.1/base_platforms/xilinx_zcu102_base_dfx_202310_1/xilinx_zcu102_base_dfx_202310_1.xpfm;xilinx_zcu104_base_202310_1|/media/duncan/Data/Vitis/2023.1/base_platforms/xilinx_zcu104_base_202310_1/xilinx_zcu104_base_202310_1.xpfm
19:14:35 INFO  : Checking for BSP changes to sync application flags for project 'Print_Registers'...
19:14:53 ERROR : XSCT server calls should not be made from TCF thread.
java.lang.RuntimeException: XSCT server calls should not be made from TCF thread.
	at com.xilinx.sdk.xsdb.XSDBCommandManager.issueAndWait(XSDBCommandManager.java:392) [com.xilinx.sdk.xsdb_1.0.0.202305040745.jar:?]
	at com.xilinx.sdk.xsdb.XsdbCommandUtils.executeAndRespond(XsdbCommandUtils.java:325) [com.xilinx.sdk.xsdb_1.0.0.202305040745.jar:?]
	at com.xilinx.sdk.hw.internal.HwPlatform.populateDesignProps(HwPlatform.java:521) [com.xilinx.sdk.hw_1.0.0.202305040745.jar:?]
	at com.xilinx.sdk.hw.internal.HwPlatform.isZynq(HwPlatform.java:1101) [com.xilinx.sdk.hw_1.0.0.202305040745.jar:?]
	at com.xilinx.sdk.hw.internal.HwPlatform.getArchFamily(HwPlatform.java:587) [com.xilinx.sdk.hw_1.0.0.202305040745.jar:?]
	at com.xilinx.sdk.tcf.internal.debug.ui.common.BaseLaunchConfigModel.readCrossTriggerModel(BaseLaunchConfigModel.java:174) [com.xilinx.sdk.tcf.debug_1.0.0.202305040745.jar:?]
	at com.xilinx.sdk.tcf.internal.debug.ui.common.BaseLaunchConfigModel.readAndSetAttributes(BaseLaunchConfigModel.java:156) [com.xilinx.sdk.tcf.debug_1.0.0.202305040745.jar:?]
	at com.xilinx.sdx.sdsoc.debug.ui.SdsLaunchConfigModel.newInstance(SdsLaunchConfigModel.java:109) [com.xilinx.sdx.sdsoc.debug.ui_1.0.0.202305040745.jar:?]
	at com.xilinx.sdx.sdsoc.debug.launch.SdsTcfLaunchDelegate.createConfigModel(SdsTcfLaunchDelegate.java:85) [com.xilinx.sdx.sdsoc.debug_1.0.0.202305040745.jar:?]
	at com.xilinx.sdx.sdsoc.debug.launch.SdsTcfLaunchDelegate.generateReports(SdsTcfLaunchDelegate.java:641) [com.xilinx.sdx.sdsoc.debug_1.0.0.202305040745.jar:?]
	at com.xilinx.sdx.sdsoc.debug.launch.SdsTcfLaunchDelegate.onDisconnected(SdsTcfLaunchDelegate.java:615) [com.xilinx.sdx.sdsoc.debug_1.0.0.202305040745.jar:?]
	at org.eclipse.tcf.internal.debug.ui.model.TCFModelManager$1.onDisconnected(TCFModelManager.java:79) [org.eclipse.tcf.debug.ui_1.7.0.202305040745.jar:?]
	at org.eclipse.tcf.internal.debug.model.TCFLaunch.onDisconnected(TCFLaunch.java:532) [org.eclipse.tcf.debug_1.7.0.202305040745.jar:?]
	at org.eclipse.tcf.internal.debug.model.TCFLaunch$43.onChannelClosed(TCFLaunch.java:1643) [org.eclipse.tcf.debug_1.7.0.202305040745.jar:?]
	at org.eclipse.tcf.core.AbstractChannel$9.run(AbstractChannel.java:858) [org.eclipse.tcf.core_1.7.0.202305040745.jar:?]
	at org.eclipse.tcf.EventQueue.run(EventQueue.java:98) [org.eclipse.tcf_1.7.0.202305040745.jar:?]
	at java.lang.Thread.run(Thread.java:829) [?:?]
19:14:53 INFO  : Disconnected from the channel tcfchan#2.
19:14:53 INFO  : Connected to target on host '127.0.0.1' and port '3121'.
19:14:53 INFO  : Jtag cable 'Digilent Arty A7-35T 210319B58134A' is selected.
19:14:53 INFO  : 'jtag frequency' command is executed.
19:14:53 INFO  : 'targets -set -filter {jtag_cable_name =~ "Digilent Arty A7-35T 210319B58134A" && level==0 && jtag_device_ctx=="jsn-Arty A7-35T-210319B58134A-0362d093-0"}' command is executed.
19:14:54 INFO  : Device configured successfully with "/home/duncan/QCS/Vitis/Print_Registers/_ide/bitstream/QCS_1_wrapper.bit"
19:14:55 INFO  : Context for processor 'microblaze_0' is selected.
19:14:55 INFO  : Hardware design and registers information is loaded from '/home/duncan/QCS/Vitis/QCS_1_wrapper/export/QCS_1_wrapper/hw/QCS_1_wrapper.xsa'.
19:14:55 INFO  : 'configparams mdm-detect-bscan-mask 2' command is executed.
19:14:55 INFO  : Context for processor 'microblaze_0' is selected.
19:14:55 INFO  : System reset is completed.
19:14:58 INFO  : 'after 3000' command is executed.
19:14:58 INFO  : Context for processor 'microblaze_0' is selected.
19:14:58 INFO  : The application '/home/duncan/QCS/Vitis/Print_Registers/Debug/Print_Registers.elf' is downloaded to processor 'microblaze_0'.
19:14:58 INFO  : ----------------XSDB Script----------------
connect -url tcp:127.0.0.1:3121
targets -set -filter {jtag_cable_name =~ "Digilent Arty A7-35T 210319B58134A" && level==0 && jtag_device_ctx=="jsn-Arty A7-35T-210319B58134A-0362d093-0"}
fpga -file /home/duncan/QCS/Vitis/Print_Registers/_ide/bitstream/QCS_1_wrapper.bit
targets -set -nocase -filter {name =~ "*microblaze*#0" && bscan=="USER2" }
loadhw -hw /home/duncan/QCS/Vitis/QCS_1_wrapper/export/QCS_1_wrapper/hw/QCS_1_wrapper.xsa -regs
configparams mdm-detect-bscan-mask 2
targets -set -nocase -filter {name =~ "*microblaze*#0" && bscan=="USER2" }
rst -system
after 3000
targets -set -nocase -filter {name =~ "*microblaze*#0" && bscan=="USER2" }
dow /home/duncan/QCS/Vitis/Print_Registers/Debug/Print_Registers.elf
----------------End of Script----------------

19:14:58 INFO  : Context for processor 'microblaze_0' is selected.
19:14:58 INFO  : 'con' command is executed.
19:14:58 INFO  : ----------------XSDB Script (After Launch)----------------
targets -set -nocase -filter {name =~ "*microblaze*#0" && bscan=="USER2" }
con
----------------End of Script----------------

19:14:58 INFO  : Launch script is exported to file '/home/duncan/QCS/Vitis/Print_Registers_system/_ide/scripts/systemdebugger_print_registers_system_standalone.tcl'
19:15:48 INFO  : Checking for BSP changes to sync application flags for project 'Print_Registers'...
19:15:59 INFO  : Disconnected from the channel tcfchan#12.
19:15:59 INFO  : Connected to target on host '127.0.0.1' and port '3121'.
19:15:59 INFO  : Jtag cable 'Digilent Arty A7-35T 210319B58134A' is selected.
19:15:59 INFO  : 'jtag frequency' command is executed.
19:15:59 INFO  : 'targets -set -filter {jtag_cable_name =~ "Digilent Arty A7-35T 210319B58134A" && level==0 && jtag_device_ctx=="jsn-Arty A7-35T-210319B58134A-0362d093-0"}' command is executed.
19:16:00 INFO  : Device configured successfully with "/home/duncan/QCS/Vitis/Print_Registers/_ide/bitstream/QCS_1_wrapper.bit"
19:16:00 INFO  : Context for processor 'microblaze_0' is selected.
19:16:00 INFO  : Hardware design and registers information is loaded from '/home/duncan/QCS/Vitis/QCS_1_wrapper/export/QCS_1_wrapper/hw/QCS_1_wrapper.xsa'.
19:16:00 INFO  : 'configparams mdm-detect-bscan-mask 2' command is executed.
19:16:00 INFO  : Context for processor 'microblaze_0' is selected.
19:16:00 INFO  : System reset is completed.
19:16:03 INFO  : 'after 3000' command is executed.
19:16:03 INFO  : Context for processor 'microblaze_0' is selected.
19:16:03 INFO  : The application '/home/duncan/QCS/Vitis/Print_Registers/Debug/Print_Registers.elf' is downloaded to processor 'microblaze_0'.
19:16:03 INFO  : ----------------XSDB Script----------------
connect -url tcp:127.0.0.1:3121
targets -set -filter {jtag_cable_name =~ "Digilent Arty A7-35T 210319B58134A" && level==0 && jtag_device_ctx=="jsn-Arty A7-35T-210319B58134A-0362d093-0"}
fpga -file /home/duncan/QCS/Vitis/Print_Registers/_ide/bitstream/QCS_1_wrapper.bit
targets -set -nocase -filter {name =~ "*microblaze*#0" && bscan=="USER2" }
loadhw -hw /home/duncan/QCS/Vitis/QCS_1_wrapper/export/QCS_1_wrapper/hw/QCS_1_wrapper.xsa -regs
configparams mdm-detect-bscan-mask 2
targets -set -nocase -filter {name =~ "*microblaze*#0" && bscan=="USER2" }
rst -system
after 3000
targets -set -nocase -filter {name =~ "*microblaze*#0" && bscan=="USER2" }
dow /home/duncan/QCS/Vitis/Print_Registers/Debug/Print_Registers.elf
----------------End of Script----------------

19:16:03 INFO  : Context for processor 'microblaze_0' is selected.
19:16:03 INFO  : 'con' command is executed.
19:16:03 INFO  : ----------------XSDB Script (After Launch)----------------
targets -set -nocase -filter {name =~ "*microblaze*#0" && bscan=="USER2" }
con
----------------End of Script----------------

19:16:03 INFO  : Launch script is exported to file '/home/duncan/QCS/Vitis/Print_Registers_system/_ide/scripts/systemdebugger_print_registers_system_standalone.tcl'
19:16:44 INFO  : Disconnected from the channel tcfchan#13.
19:16:44 INFO  : Connected to target on host '127.0.0.1' and port '3121'.
19:16:44 INFO  : Jtag cable 'Digilent Arty A7-35T 210319B58134A' is selected.
19:16:44 INFO  : 'jtag frequency' command is executed.
19:16:44 INFO  : 'targets -set -filter {jtag_cable_name =~ "Digilent Arty A7-35T 210319B58134A" && level==0 && jtag_device_ctx=="jsn-Arty A7-35T-210319B58134A-0362d093-0"}' command is executed.
19:16:45 INFO  : Device configured successfully with "/home/duncan/QCS/Vitis/Print_Registers/_ide/bitstream/QCS_1_wrapper.bit"
19:16:45 INFO  : Context for processor 'microblaze_0' is selected.
19:16:45 INFO  : Hardware design and registers information is loaded from '/home/duncan/QCS/Vitis/QCS_1_wrapper/export/QCS_1_wrapper/hw/QCS_1_wrapper.xsa'.
19:16:45 INFO  : 'configparams mdm-detect-bscan-mask 2' command is executed.
19:16:45 INFO  : Context for processor 'microblaze_0' is selected.
19:16:45 INFO  : System reset is completed.
19:16:49 INFO  : 'after 3000' command is executed.
19:16:49 INFO  : Context for processor 'microblaze_0' is selected.
19:16:49 INFO  : The application '/home/duncan/QCS/Vitis/Print_Registers/Debug/Print_Registers.elf' is downloaded to processor 'microblaze_0'.
19:16:49 INFO  : ----------------XSDB Script----------------
connect -url tcp:127.0.0.1:3121
targets -set -filter {jtag_cable_name =~ "Digilent Arty A7-35T 210319B58134A" && level==0 && jtag_device_ctx=="jsn-Arty A7-35T-210319B58134A-0362d093-0"}
fpga -file /home/duncan/QCS/Vitis/Print_Registers/_ide/bitstream/QCS_1_wrapper.bit
targets -set -nocase -filter {name =~ "*microblaze*#0" && bscan=="USER2" }
loadhw -hw /home/duncan/QCS/Vitis/QCS_1_wrapper/export/QCS_1_wrapper/hw/QCS_1_wrapper.xsa -regs
configparams mdm-detect-bscan-mask 2
targets -set -nocase -filter {name =~ "*microblaze*#0" && bscan=="USER2" }
rst -system
after 3000
targets -set -nocase -filter {name =~ "*microblaze*#0" && bscan=="USER2" }
dow /home/duncan/QCS/Vitis/Print_Registers/Debug/Print_Registers.elf
----------------End of Script----------------

19:16:49 INFO  : Context for processor 'microblaze_0' is selected.
19:16:49 INFO  : 'con' command is executed.
19:16:49 INFO  : ----------------XSDB Script (After Launch)----------------
targets -set -nocase -filter {name =~ "*microblaze*#0" && bscan=="USER2" }
con
----------------End of Script----------------

19:16:49 INFO  : Launch script is exported to file '/home/duncan/QCS/Vitis/Print_Registers_system/_ide/scripts/systemdebugger_print_registers_system_standalone.tcl'
19:17:02 INFO  : Checking for BSP changes to sync application flags for project 'Print_Registers'...
19:17:15 INFO  : Disconnected from the channel tcfchan#14.
19:17:15 INFO  : Connected to target on host '127.0.0.1' and port '3121'.
19:17:15 INFO  : Jtag cable 'Digilent Arty A7-35T 210319B58134A' is selected.
19:17:15 INFO  : 'jtag frequency' command is executed.
19:17:15 INFO  : 'targets -set -filter {jtag_cable_name =~ "Digilent Arty A7-35T 210319B58134A" && level==0 && jtag_device_ctx=="jsn-Arty A7-35T-210319B58134A-0362d093-0"}' command is executed.
19:17:17 INFO  : Device configured successfully with "/home/duncan/QCS/Vitis/Print_Registers/_ide/bitstream/QCS_1_wrapper.bit"
19:17:17 INFO  : Context for processor 'microblaze_0' is selected.
19:17:17 INFO  : Hardware design and registers information is loaded from '/home/duncan/QCS/Vitis/QCS_1_wrapper/export/QCS_1_wrapper/hw/QCS_1_wrapper.xsa'.
19:17:17 INFO  : 'configparams mdm-detect-bscan-mask 2' command is executed.
19:17:17 INFO  : Context for processor 'microblaze_0' is selected.
19:17:17 INFO  : System reset is completed.
19:17:20 INFO  : 'after 3000' command is executed.
19:17:20 INFO  : Context for processor 'microblaze_0' is selected.
19:17:20 INFO  : The application '/home/duncan/QCS/Vitis/Print_Registers/Debug/Print_Registers.elf' is downloaded to processor 'microblaze_0'.
19:17:20 INFO  : ----------------XSDB Script----------------
connect -url tcp:127.0.0.1:3121
targets -set -filter {jtag_cable_name =~ "Digilent Arty A7-35T 210319B58134A" && level==0 && jtag_device_ctx=="jsn-Arty A7-35T-210319B58134A-0362d093-0"}
fpga -file /home/duncan/QCS/Vitis/Print_Registers/_ide/bitstream/QCS_1_wrapper.bit
targets -set -nocase -filter {name =~ "*microblaze*#0" && bscan=="USER2" }
loadhw -hw /home/duncan/QCS/Vitis/QCS_1_wrapper/export/QCS_1_wrapper/hw/QCS_1_wrapper.xsa -regs
configparams mdm-detect-bscan-mask 2
targets -set -nocase -filter {name =~ "*microblaze*#0" && bscan=="USER2" }
rst -system
after 3000
targets -set -nocase -filter {name =~ "*microblaze*#0" && bscan=="USER2" }
dow /home/duncan/QCS/Vitis/Print_Registers/Debug/Print_Registers.elf
----------------End of Script----------------

19:17:20 INFO  : Context for processor 'microblaze_0' is selected.
19:17:20 INFO  : 'con' command is executed.
19:17:20 INFO  : ----------------XSDB Script (After Launch)----------------
targets -set -nocase -filter {name =~ "*microblaze*#0" && bscan=="USER2" }
con
----------------End of Script----------------

19:17:20 INFO  : Launch script is exported to file '/home/duncan/QCS/Vitis/Print_Registers_system/_ide/scripts/systemdebugger_print_registers_system_standalone.tcl'
19:18:31 INFO  : Checking for BSP changes to sync application flags for project 'Print_Registers'...
19:18:49 INFO  : Disconnected from the channel tcfchan#15.
19:18:49 INFO  : Connected to target on host '127.0.0.1' and port '3121'.
19:18:49 INFO  : Jtag cable 'Digilent Arty A7-35T 210319B58134A' is selected.
19:18:49 INFO  : 'jtag frequency' command is executed.
19:18:49 INFO  : 'targets -set -filter {jtag_cable_name =~ "Digilent Arty A7-35T 210319B58134A" && level==0 && jtag_device_ctx=="jsn-Arty A7-35T-210319B58134A-0362d093-0"}' command is executed.
19:18:51 INFO  : Device configured successfully with "/home/duncan/QCS/Vitis/Print_Registers/_ide/bitstream/QCS_1_wrapper.bit"
19:18:51 INFO  : Context for processor 'microblaze_0' is selected.
19:18:51 INFO  : Hardware design and registers information is loaded from '/home/duncan/QCS/Vitis/QCS_1_wrapper/export/QCS_1_wrapper/hw/QCS_1_wrapper.xsa'.
19:18:51 INFO  : 'configparams mdm-detect-bscan-mask 2' command is executed.
19:18:51 INFO  : Context for processor 'microblaze_0' is selected.
19:18:51 INFO  : System reset is completed.
19:18:54 INFO  : 'after 3000' command is executed.
19:18:54 INFO  : Context for processor 'microblaze_0' is selected.
19:18:54 INFO  : The application '/home/duncan/QCS/Vitis/Print_Registers/Debug/Print_Registers.elf' is downloaded to processor 'microblaze_0'.
19:18:54 INFO  : ----------------XSDB Script----------------
connect -url tcp:127.0.0.1:3121
targets -set -filter {jtag_cable_name =~ "Digilent Arty A7-35T 210319B58134A" && level==0 && jtag_device_ctx=="jsn-Arty A7-35T-210319B58134A-0362d093-0"}
fpga -file /home/duncan/QCS/Vitis/Print_Registers/_ide/bitstream/QCS_1_wrapper.bit
targets -set -nocase -filter {name =~ "*microblaze*#0" && bscan=="USER2" }
loadhw -hw /home/duncan/QCS/Vitis/QCS_1_wrapper/export/QCS_1_wrapper/hw/QCS_1_wrapper.xsa -regs
configparams mdm-detect-bscan-mask 2
targets -set -nocase -filter {name =~ "*microblaze*#0" && bscan=="USER2" }
rst -system
after 3000
targets -set -nocase -filter {name =~ "*microblaze*#0" && bscan=="USER2" }
dow /home/duncan/QCS/Vitis/Print_Registers/Debug/Print_Registers.elf
----------------End of Script----------------

19:18:54 INFO  : Context for processor 'microblaze_0' is selected.
19:18:54 INFO  : 'con' command is executed.
19:18:54 INFO  : ----------------XSDB Script (After Launch)----------------
targets -set -nocase -filter {name =~ "*microblaze*#0" && bscan=="USER2" }
con
----------------End of Script----------------

19:18:54 INFO  : Launch script is exported to file '/home/duncan/QCS/Vitis/Print_Registers_system/_ide/scripts/systemdebugger_print_registers_system_standalone.tcl'
19:19:40 INFO  : Checking for BSP changes to sync application flags for project 'Print_Registers'...
19:19:51 INFO  : Disconnected from the channel tcfchan#16.
19:19:51 INFO  : Connected to target on host '127.0.0.1' and port '3121'.
19:19:51 INFO  : Jtag cable 'Digilent Arty A7-35T 210319B58134A' is selected.
19:19:51 INFO  : 'jtag frequency' command is executed.
19:19:51 INFO  : 'targets -set -filter {jtag_cable_name =~ "Digilent Arty A7-35T 210319B58134A" && level==0 && jtag_device_ctx=="jsn-Arty A7-35T-210319B58134A-0362d093-0"}' command is executed.
19:19:52 INFO  : Device configured successfully with "/home/duncan/QCS/Vitis/Print_Registers/_ide/bitstream/QCS_1_wrapper.bit"
19:19:53 INFO  : Context for processor 'microblaze_0' is selected.
19:19:53 INFO  : Hardware design and registers information is loaded from '/home/duncan/QCS/Vitis/QCS_1_wrapper/export/QCS_1_wrapper/hw/QCS_1_wrapper.xsa'.
19:19:53 INFO  : 'configparams mdm-detect-bscan-mask 2' command is executed.
19:19:53 INFO  : Context for processor 'microblaze_0' is selected.
19:19:53 INFO  : System reset is completed.
19:19:56 INFO  : 'after 3000' command is executed.
19:19:56 INFO  : Context for processor 'microblaze_0' is selected.
19:19:56 INFO  : The application '/home/duncan/QCS/Vitis/Print_Registers/Debug/Print_Registers.elf' is downloaded to processor 'microblaze_0'.
19:19:56 INFO  : ----------------XSDB Script----------------
connect -url tcp:127.0.0.1:3121
targets -set -filter {jtag_cable_name =~ "Digilent Arty A7-35T 210319B58134A" && level==0 && jtag_device_ctx=="jsn-Arty A7-35T-210319B58134A-0362d093-0"}
fpga -file /home/duncan/QCS/Vitis/Print_Registers/_ide/bitstream/QCS_1_wrapper.bit
targets -set -nocase -filter {name =~ "*microblaze*#0" && bscan=="USER2" }
loadhw -hw /home/duncan/QCS/Vitis/QCS_1_wrapper/export/QCS_1_wrapper/hw/QCS_1_wrapper.xsa -regs
configparams mdm-detect-bscan-mask 2
targets -set -nocase -filter {name =~ "*microblaze*#0" && bscan=="USER2" }
rst -system
after 3000
targets -set -nocase -filter {name =~ "*microblaze*#0" && bscan=="USER2" }
dow /home/duncan/QCS/Vitis/Print_Registers/Debug/Print_Registers.elf
----------------End of Script----------------

19:19:56 INFO  : Context for processor 'microblaze_0' is selected.
19:19:56 INFO  : 'con' command is executed.
19:19:56 INFO  : ----------------XSDB Script (After Launch)----------------
targets -set -nocase -filter {name =~ "*microblaze*#0" && bscan=="USER2" }
con
----------------End of Script----------------

19:19:56 INFO  : Launch script is exported to file '/home/duncan/QCS/Vitis/Print_Registers_system/_ide/scripts/systemdebugger_print_registers_system_standalone.tcl'
19:20:57 INFO  : Checking for BSP changes to sync application flags for project 'Print_Registers'...
19:21:16 INFO  : Disconnected from the channel tcfchan#17.
19:21:16 INFO  : Connected to target on host '127.0.0.1' and port '3121'.
19:21:17 INFO  : Jtag cable 'Digilent Arty A7-35T 210319B58134A' is selected.
19:21:17 INFO  : 'jtag frequency' command is executed.
19:21:17 INFO  : 'targets -set -filter {jtag_cable_name =~ "Digilent Arty A7-35T 210319B58134A" && level==0 && jtag_device_ctx=="jsn-Arty A7-35T-210319B58134A-0362d093-0"}' command is executed.
19:21:18 INFO  : Device configured successfully with "/home/duncan/QCS/Vitis/Print_Registers/_ide/bitstream/QCS_1_wrapper.bit"
19:21:18 INFO  : Context for processor 'microblaze_0' is selected.
19:21:18 INFO  : Hardware design and registers information is loaded from '/home/duncan/QCS/Vitis/QCS_1_wrapper/export/QCS_1_wrapper/hw/QCS_1_wrapper.xsa'.
19:21:18 INFO  : 'configparams mdm-detect-bscan-mask 2' command is executed.
19:21:18 INFO  : Context for processor 'microblaze_0' is selected.
19:21:18 INFO  : System reset is completed.
19:21:21 INFO  : 'after 3000' command is executed.
19:21:21 INFO  : Context for processor 'microblaze_0' is selected.
19:21:21 INFO  : The application '/home/duncan/QCS/Vitis/Print_Registers/Debug/Print_Registers.elf' is downloaded to processor 'microblaze_0'.
19:21:21 INFO  : ----------------XSDB Script----------------
connect -url tcp:127.0.0.1:3121
targets -set -filter {jtag_cable_name =~ "Digilent Arty A7-35T 210319B58134A" && level==0 && jtag_device_ctx=="jsn-Arty A7-35T-210319B58134A-0362d093-0"}
fpga -file /home/duncan/QCS/Vitis/Print_Registers/_ide/bitstream/QCS_1_wrapper.bit
targets -set -nocase -filter {name =~ "*microblaze*#0" && bscan=="USER2" }
loadhw -hw /home/duncan/QCS/Vitis/QCS_1_wrapper/export/QCS_1_wrapper/hw/QCS_1_wrapper.xsa -regs
configparams mdm-detect-bscan-mask 2
targets -set -nocase -filter {name =~ "*microblaze*#0" && bscan=="USER2" }
rst -system
after 3000
targets -set -nocase -filter {name =~ "*microblaze*#0" && bscan=="USER2" }
dow /home/duncan/QCS/Vitis/Print_Registers/Debug/Print_Registers.elf
----------------End of Script----------------

19:21:21 INFO  : Context for processor 'microblaze_0' is selected.
19:21:21 INFO  : 'con' command is executed.
19:21:21 INFO  : ----------------XSDB Script (After Launch)----------------
targets -set -nocase -filter {name =~ "*microblaze*#0" && bscan=="USER2" }
con
----------------End of Script----------------

19:21:21 INFO  : Launch script is exported to file '/home/duncan/QCS/Vitis/Print_Registers_system/_ide/scripts/systemdebugger_print_registers_system_standalone.tcl'
19:24:21 INFO  : Checking for BSP changes to sync application flags for project 'Print_Registers'...
19:24:27 INFO  : Disconnected from the channel tcfchan#18.
19:24:27 INFO  : Connected to target on host '127.0.0.1' and port '3121'.
19:24:27 INFO  : Jtag cable 'Digilent Arty A7-35T 210319B58134A' is selected.
19:24:27 INFO  : 'jtag frequency' command is executed.
19:24:27 INFO  : 'targets -set -filter {jtag_cable_name =~ "Digilent Arty A7-35T 210319B58134A" && level==0 && jtag_device_ctx=="jsn-Arty A7-35T-210319B58134A-0362d093-0"}' command is executed.
19:24:28 INFO  : Device configured successfully with "/home/duncan/QCS/Vitis/Print_Registers/_ide/bitstream/QCS_1_wrapper.bit"
19:24:29 INFO  : Context for processor 'microblaze_0' is selected.
19:24:29 INFO  : Hardware design and registers information is loaded from '/home/duncan/QCS/Vitis/QCS_1_wrapper/export/QCS_1_wrapper/hw/QCS_1_wrapper.xsa'.
19:24:29 INFO  : 'configparams mdm-detect-bscan-mask 2' command is executed.
19:24:29 INFO  : Context for processor 'microblaze_0' is selected.
19:24:29 INFO  : System reset is completed.
19:24:32 INFO  : 'after 3000' command is executed.
19:24:32 INFO  : Context for processor 'microblaze_0' is selected.
19:24:32 INFO  : The application '/home/duncan/QCS/Vitis/Print_Registers/Debug/Print_Registers.elf' is downloaded to processor 'microblaze_0'.
19:24:32 INFO  : ----------------XSDB Script----------------
connect -url tcp:127.0.0.1:3121
targets -set -filter {jtag_cable_name =~ "Digilent Arty A7-35T 210319B58134A" && level==0 && jtag_device_ctx=="jsn-Arty A7-35T-210319B58134A-0362d093-0"}
fpga -file /home/duncan/QCS/Vitis/Print_Registers/_ide/bitstream/QCS_1_wrapper.bit
targets -set -nocase -filter {name =~ "*microblaze*#0" && bscan=="USER2" }
loadhw -hw /home/duncan/QCS/Vitis/QCS_1_wrapper/export/QCS_1_wrapper/hw/QCS_1_wrapper.xsa -regs
configparams mdm-detect-bscan-mask 2
targets -set -nocase -filter {name =~ "*microblaze*#0" && bscan=="USER2" }
rst -system
after 3000
targets -set -nocase -filter {name =~ "*microblaze*#0" && bscan=="USER2" }
dow /home/duncan/QCS/Vitis/Print_Registers/Debug/Print_Registers.elf
----------------End of Script----------------

19:24:32 INFO  : Context for processor 'microblaze_0' is selected.
19:24:32 INFO  : 'con' command is executed.
19:24:32 INFO  : ----------------XSDB Script (After Launch)----------------
targets -set -nocase -filter {name =~ "*microblaze*#0" && bscan=="USER2" }
con
----------------End of Script----------------

19:24:32 INFO  : Launch script is exported to file '/home/duncan/QCS/Vitis/Print_Registers_system/_ide/scripts/systemdebugger_print_registers_system_standalone.tcl'
19:25:16 INFO  : Checking for BSP changes to sync application flags for project 'Print_Registers'...
19:25:34 INFO  : Disconnected from the channel tcfchan#19.
19:25:34 INFO  : Connected to target on host '127.0.0.1' and port '3121'.
19:25:35 INFO  : Jtag cable 'Digilent Arty A7-35T 210319B58134A' is selected.
19:25:35 INFO  : 'jtag frequency' command is executed.
19:25:35 INFO  : 'targets -set -filter {jtag_cable_name =~ "Digilent Arty A7-35T 210319B58134A" && level==0 && jtag_device_ctx=="jsn-Arty A7-35T-210319B58134A-0362d093-0"}' command is executed.
19:25:36 INFO  : Device configured successfully with "/home/duncan/QCS/Vitis/Print_Registers/_ide/bitstream/QCS_1_wrapper.bit"
19:25:36 INFO  : Context for processor 'microblaze_0' is selected.
19:25:36 INFO  : Hardware design and registers information is loaded from '/home/duncan/QCS/Vitis/QCS_1_wrapper/export/QCS_1_wrapper/hw/QCS_1_wrapper.xsa'.
19:25:36 INFO  : 'configparams mdm-detect-bscan-mask 2' command is executed.
19:25:36 INFO  : Context for processor 'microblaze_0' is selected.
19:25:36 INFO  : System reset is completed.
19:25:39 INFO  : 'after 3000' command is executed.
19:25:39 INFO  : Context for processor 'microblaze_0' is selected.
19:25:39 INFO  : The application '/home/duncan/QCS/Vitis/Print_Registers/Debug/Print_Registers.elf' is downloaded to processor 'microblaze_0'.
19:25:39 INFO  : ----------------XSDB Script----------------
connect -url tcp:127.0.0.1:3121
targets -set -filter {jtag_cable_name =~ "Digilent Arty A7-35T 210319B58134A" && level==0 && jtag_device_ctx=="jsn-Arty A7-35T-210319B58134A-0362d093-0"}
fpga -file /home/duncan/QCS/Vitis/Print_Registers/_ide/bitstream/QCS_1_wrapper.bit
targets -set -nocase -filter {name =~ "*microblaze*#0" && bscan=="USER2" }
loadhw -hw /home/duncan/QCS/Vitis/QCS_1_wrapper/export/QCS_1_wrapper/hw/QCS_1_wrapper.xsa -regs
configparams mdm-detect-bscan-mask 2
targets -set -nocase -filter {name =~ "*microblaze*#0" && bscan=="USER2" }
rst -system
after 3000
targets -set -nocase -filter {name =~ "*microblaze*#0" && bscan=="USER2" }
dow /home/duncan/QCS/Vitis/Print_Registers/Debug/Print_Registers.elf
----------------End of Script----------------

19:25:39 INFO  : Context for processor 'microblaze_0' is selected.
19:25:39 INFO  : 'con' command is executed.
19:25:39 INFO  : ----------------XSDB Script (After Launch)----------------
targets -set -nocase -filter {name =~ "*microblaze*#0" && bscan=="USER2" }
con
----------------End of Script----------------

19:25:39 INFO  : Launch script is exported to file '/home/duncan/QCS/Vitis/Print_Registers_system/_ide/scripts/systemdebugger_print_registers_system_standalone.tcl'
19:27:26 INFO  : Checking for BSP changes to sync application flags for project 'Print_Registers'...
19:27:28 INFO  : Disconnected from the channel tcfchan#20.
19:27:28 INFO  : Connected to target on host '127.0.0.1' and port '3121'.
19:27:29 INFO  : Jtag cable 'Digilent Arty A7-35T 210319B58134A' is selected.
19:27:29 INFO  : 'jtag frequency' command is executed.
19:27:29 INFO  : 'targets -set -filter {jtag_cable_name =~ "Digilent Arty A7-35T 210319B58134A" && level==0 && jtag_device_ctx=="jsn-Arty A7-35T-210319B58134A-0362d093-0"}' command is executed.
19:27:30 INFO  : Device configured successfully with "/home/duncan/QCS/Vitis/Print_Registers/_ide/bitstream/QCS_1_wrapper.bit"
19:27:30 INFO  : Context for processor 'microblaze_0' is selected.
19:27:30 INFO  : Hardware design and registers information is loaded from '/home/duncan/QCS/Vitis/QCS_1_wrapper/export/QCS_1_wrapper/hw/QCS_1_wrapper.xsa'.
19:27:30 INFO  : 'configparams mdm-detect-bscan-mask 2' command is executed.
19:27:30 INFO  : Context for processor 'microblaze_0' is selected.
19:27:30 INFO  : System reset is completed.
19:27:33 INFO  : 'after 3000' command is executed.
19:27:33 INFO  : Context for processor 'microblaze_0' is selected.
19:27:33 INFO  : The application '/home/duncan/QCS/Vitis/Print_Registers/Debug/Print_Registers.elf' is downloaded to processor 'microblaze_0'.
19:27:33 INFO  : ----------------XSDB Script----------------
connect -url tcp:127.0.0.1:3121
targets -set -filter {jtag_cable_name =~ "Digilent Arty A7-35T 210319B58134A" && level==0 && jtag_device_ctx=="jsn-Arty A7-35T-210319B58134A-0362d093-0"}
fpga -file /home/duncan/QCS/Vitis/Print_Registers/_ide/bitstream/QCS_1_wrapper.bit
targets -set -nocase -filter {name =~ "*microblaze*#0" && bscan=="USER2" }
loadhw -hw /home/duncan/QCS/Vitis/QCS_1_wrapper/export/QCS_1_wrapper/hw/QCS_1_wrapper.xsa -regs
configparams mdm-detect-bscan-mask 2
targets -set -nocase -filter {name =~ "*microblaze*#0" && bscan=="USER2" }
rst -system
after 3000
targets -set -nocase -filter {name =~ "*microblaze*#0" && bscan=="USER2" }
dow /home/duncan/QCS/Vitis/Print_Registers/Debug/Print_Registers.elf
----------------End of Script----------------

19:27:33 INFO  : Context for processor 'microblaze_0' is selected.
19:27:33 INFO  : 'con' command is executed.
19:27:33 INFO  : ----------------XSDB Script (After Launch)----------------
targets -set -nocase -filter {name =~ "*microblaze*#0" && bscan=="USER2" }
con
----------------End of Script----------------

19:27:33 INFO  : Launch script is exported to file '/home/duncan/QCS/Vitis/Print_Registers_system/_ide/scripts/systemdebugger_print_registers_system_standalone.tcl'
22:19:05 ERROR : (XSDB Server)Hangup

03:25:42 DEBUG : Logs will be stored at '/home/duncan/QCS/Vitis/IDE.log'.
03:25:45 INFO  : Launching XSCT server: xsct -n  -interactive /home/duncan/QCS/Vitis/temp_xsdb_launch_script.tcl
03:25:52 INFO  : XSCT server has started successfully.
03:25:52 INFO  : Successfully done setting XSCT server connection channel  
03:25:52 INFO  : plnx-install-location is set to ''
03:25:52 INFO  : Successfully done setting workspace for the tool. 
03:25:53 INFO  : Registering command handlers for Vitis TCF services
03:25:57 INFO  : Platform repository initialization has completed.
03:26:05 INFO  : Successfully done query RDI_DATADIR 
03:26:16 INFO  : Result from executing command 'getProjects': QCS_1_wrapper;design_1_wrapper
03:26:16 INFO  : Result from executing command 'getPlatforms': QCS_1_wrapper|/home/duncan/QCS/Vitis/QCS_1_wrapper/export/QCS_1_wrapper/QCS_1_wrapper.xpfm;design_1_wrapper|/home/duncan/QCS/Vitis/design_1_wrapper/export/design_1_wrapper/design_1_wrapper.xpfm;xilinx_vck190_base_202310_1|/media/duncan/Data/Vitis/2023.1/base_platforms/xilinx_vck190_base_202310_1/xilinx_vck190_base_202310_1.xpfm;xilinx_vck190_base_dfx_202310_1|/media/duncan/Data/Vitis/2023.1/base_platforms/xilinx_vck190_base_dfx_202310_1/xilinx_vck190_base_dfx_202310_1.xpfm;xilinx_vek280_es1_base_202310_1|/media/duncan/Data/Vitis/2023.1/base_platforms/xilinx_vek280_es1_base_202310_1/xilinx_vek280_es1_base_202310_1.xpfm;xilinx_vmk180_base_202310_1|/media/duncan/Data/Vitis/2023.1/base_platforms/xilinx_vmk180_base_202310_1/xilinx_vmk180_base_202310_1.xpfm;xilinx_zcu102_base_202310_1|/media/duncan/Data/Vitis/2023.1/base_platforms/xilinx_zcu102_base_202310_1/xilinx_zcu102_base_202310_1.xpfm;xilinx_zcu102_base_dfx_202310_1|/media/duncan/Data/Vitis/2023.1/base_platforms/xilinx_zcu102_base_dfx_202310_1/xilinx_zcu102_base_dfx_202310_1.xpfm;xilinx_zcu104_base_202310_1|/media/duncan/Data/Vitis/2023.1/base_platforms/xilinx_zcu104_base_202310_1/xilinx_zcu104_base_202310_1.xpfm
03:26:20 INFO  : Checking for BSP changes to sync application flags for project 'Print_Registers'...
03:26:23 INFO  : Connected to target on host '127.0.0.1' and port '3121'.
03:26:23 INFO  : Jtag cable 'Digilent Arty A7-35T 210319B58134A' is selected.
03:26:23 INFO  : 'jtag frequency' command is executed.
03:26:24 INFO  : 'targets -set -filter {jtag_cable_name =~ "Digilent Arty A7-35T 210319B58134A" && level==0 && jtag_device_ctx=="jsn-Arty A7-35T-210319B58134A-0362d093-0"}' command is executed.
03:26:25 INFO  : Device configured successfully with "/home/duncan/QCS/Vitis/Print_Registers/_ide/bitstream/QCS_1_wrapper.bit"
03:26:25 INFO  : Context for processor 'microblaze_0' is selected.
03:26:25 INFO  : Hardware design and registers information is loaded from '/home/duncan/QCS/Vitis/QCS_1_wrapper/export/QCS_1_wrapper/hw/QCS_1_wrapper.xsa'.
03:26:25 INFO  : 'configparams mdm-detect-bscan-mask 2' command is executed.
03:26:25 INFO  : Context for processor 'microblaze_0' is selected.
03:26:25 INFO  : System reset is completed.
03:26:28 INFO  : 'after 3000' command is executed.
03:26:28 INFO  : Context for processor 'microblaze_0' is selected.
03:26:28 INFO  : The application '/home/duncan/QCS/Vitis/Print_Registers/Debug/Print_Registers.elf' is downloaded to processor 'microblaze_0'.
03:26:28 INFO  : ----------------XSDB Script----------------
connect -url tcp:127.0.0.1:3121
targets -set -filter {jtag_cable_name =~ "Digilent Arty A7-35T 210319B58134A" && level==0 && jtag_device_ctx=="jsn-Arty A7-35T-210319B58134A-0362d093-0"}
fpga -file /home/duncan/QCS/Vitis/Print_Registers/_ide/bitstream/QCS_1_wrapper.bit
targets -set -nocase -filter {name =~ "*microblaze*#0" && bscan=="USER2" }
loadhw -hw /home/duncan/QCS/Vitis/QCS_1_wrapper/export/QCS_1_wrapper/hw/QCS_1_wrapper.xsa -regs
configparams mdm-detect-bscan-mask 2
targets -set -nocase -filter {name =~ "*microblaze*#0" && bscan=="USER2" }
rst -system
after 3000
targets -set -nocase -filter {name =~ "*microblaze*#0" && bscan=="USER2" }
dow /home/duncan/QCS/Vitis/Print_Registers/Debug/Print_Registers.elf
----------------End of Script----------------

03:26:28 INFO  : Context for processor 'microblaze_0' is selected.
03:26:28 INFO  : 'con' command is executed.
03:26:28 INFO  : ----------------XSDB Script (After Launch)----------------
targets -set -nocase -filter {name =~ "*microblaze*#0" && bscan=="USER2" }
con
----------------End of Script----------------

03:26:28 INFO  : Launch script is exported to file '/home/duncan/QCS/Vitis/Print_Registers_system/_ide/scripts/systemdebugger_print_registers_system_standalone.tcl'
03:27:16 INFO  : Inferring section assignments and sizes from elf file: /home/duncan/QCS/Vitis/Print_Registers/Debug/Print_Registers.elf
03:27:24 INFO  : Successfully generated /home/duncan/QCS/Vitis/Print_Registers/src/lscript.ld.
03:27:24 INFO  : Applying linker script to all configurations of project Print_Registers.
03:27:24 INFO  : Setting rebuild state to true for all configurations of project Print_Registers.
03:27:49 ERROR : Failed to update hardware specification for project 'QCS_1_wrapper'.
Reason: Failed to execute command 'platform config -updatehw {/home/duncan/QCS/QCS_1_wrapper.xsa}'. Click on details for more information.
03:28:36 INFO  : Result from executing command 'getProjects': QCS_1_wrapper;design_1_wrapper
03:28:36 INFO  : Result from executing command 'getPlatforms': QCS_1_wrapper|/home/duncan/QCS/Vitis/QCS_1_wrapper/export/QCS_1_wrapper/QCS_1_wrapper.xpfm;design_1_wrapper|/home/duncan/QCS/Vitis/design_1_wrapper/export/design_1_wrapper/design_1_wrapper.xpfm;xilinx_vck190_base_202310_1|/media/duncan/Data/Vitis/2023.1/base_platforms/xilinx_vck190_base_202310_1/xilinx_vck190_base_202310_1.xpfm;xilinx_vck190_base_dfx_202310_1|/media/duncan/Data/Vitis/2023.1/base_platforms/xilinx_vck190_base_dfx_202310_1/xilinx_vck190_base_dfx_202310_1.xpfm;xilinx_vek280_es1_base_202310_1|/media/duncan/Data/Vitis/2023.1/base_platforms/xilinx_vek280_es1_base_202310_1/xilinx_vek280_es1_base_202310_1.xpfm;xilinx_vmk180_base_202310_1|/media/duncan/Data/Vitis/2023.1/base_platforms/xilinx_vmk180_base_202310_1/xilinx_vmk180_base_202310_1.xpfm;xilinx_zcu102_base_202310_1|/media/duncan/Data/Vitis/2023.1/base_platforms/xilinx_zcu102_base_202310_1/xilinx_zcu102_base_202310_1.xpfm;xilinx_zcu102_base_dfx_202310_1|/media/duncan/Data/Vitis/2023.1/base_platforms/xilinx_zcu102_base_dfx_202310_1/xilinx_zcu102_base_dfx_202310_1.xpfm;xilinx_zcu104_base_202310_1|/media/duncan/Data/Vitis/2023.1/base_platforms/xilinx_zcu104_base_202310_1/xilinx_zcu104_base_202310_1.xpfm
03:28:40 INFO  : Checking for BSP changes to sync application flags for project 'Print_Registers'...
03:28:44 ERROR : XSCT server calls should not be made from TCF thread.
java.lang.RuntimeException: XSCT server calls should not be made from TCF thread.
	at com.xilinx.sdk.xsdb.XSDBCommandManager.issueAndWait(XSDBCommandManager.java:392) [com.xilinx.sdk.xsdb_1.0.0.202305040745.jar:?]
	at com.xilinx.sdk.xsdb.XsdbCommandUtils.executeAndRespond(XsdbCommandUtils.java:325) [com.xilinx.sdk.xsdb_1.0.0.202305040745.jar:?]
	at com.xilinx.sdk.hw.internal.HwPlatform.populateDesignProps(HwPlatform.java:521) [com.xilinx.sdk.hw_1.0.0.202305040745.jar:?]
	at com.xilinx.sdk.hw.internal.HwPlatform.isZynq(HwPlatform.java:1101) [com.xilinx.sdk.hw_1.0.0.202305040745.jar:?]
	at com.xilinx.sdk.hw.internal.HwPlatform.getArchFamily(HwPlatform.java:587) [com.xilinx.sdk.hw_1.0.0.202305040745.jar:?]
	at com.xilinx.sdk.tcf.internal.debug.ui.common.BaseLaunchConfigModel.readCrossTriggerModel(BaseLaunchConfigModel.java:174) [com.xilinx.sdk.tcf.debug_1.0.0.202305040745.jar:?]
	at com.xilinx.sdk.tcf.internal.debug.ui.common.BaseLaunchConfigModel.readAndSetAttributes(BaseLaunchConfigModel.java:156) [com.xilinx.sdk.tcf.debug_1.0.0.202305040745.jar:?]
	at com.xilinx.sdx.sdsoc.debug.ui.SdsLaunchConfigModel.newInstance(SdsLaunchConfigModel.java:109) [com.xilinx.sdx.sdsoc.debug.ui_1.0.0.202305040745.jar:?]
	at com.xilinx.sdx.sdsoc.debug.launch.SdsTcfLaunchDelegate.createConfigModel(SdsTcfLaunchDelegate.java:85) [com.xilinx.sdx.sdsoc.debug_1.0.0.202305040745.jar:?]
	at com.xilinx.sdx.sdsoc.debug.launch.SdsTcfLaunchDelegate.generateReports(SdsTcfLaunchDelegate.java:641) [com.xilinx.sdx.sdsoc.debug_1.0.0.202305040745.jar:?]
	at com.xilinx.sdx.sdsoc.debug.launch.SdsTcfLaunchDelegate.onDisconnected(SdsTcfLaunchDelegate.java:615) [com.xilinx.sdx.sdsoc.debug_1.0.0.202305040745.jar:?]
	at org.eclipse.tcf.internal.debug.ui.model.TCFModelManager$1.onDisconnected(TCFModelManager.java:79) [org.eclipse.tcf.debug.ui_1.7.0.202305040745.jar:?]
	at org.eclipse.tcf.internal.debug.model.TCFLaunch.onDisconnected(TCFLaunch.java:532) [org.eclipse.tcf.debug_1.7.0.202305040745.jar:?]
	at org.eclipse.tcf.internal.debug.model.TCFLaunch$43.onChannelClosed(TCFLaunch.java:1643) [org.eclipse.tcf.debug_1.7.0.202305040745.jar:?]
	at org.eclipse.tcf.core.AbstractChannel$9.run(AbstractChannel.java:858) [org.eclipse.tcf.core_1.7.0.202305040745.jar:?]
	at org.eclipse.tcf.EventQueue.run(EventQueue.java:98) [org.eclipse.tcf_1.7.0.202305040745.jar:?]
	at java.lang.Thread.run(Thread.java:829) [?:?]
03:28:44 INFO  : Disconnected from the channel tcfchan#2.
03:28:45 INFO  : Connected to target on host '127.0.0.1' and port '3121'.
03:28:45 INFO  : Jtag cable 'Digilent Arty A7-35T 210319B58134A' is selected.
03:28:45 INFO  : 'jtag frequency' command is executed.
03:28:45 INFO  : 'targets -set -filter {jtag_cable_name =~ "Digilent Arty A7-35T 210319B58134A" && level==0 && jtag_device_ctx=="jsn-Arty A7-35T-210319B58134A-0362d093-0"}' command is executed.
03:28:46 INFO  : Device configured successfully with "/home/duncan/QCS/Vitis/Print_Registers/_ide/bitstream/QCS_1_wrapper.bit"
03:28:46 INFO  : Context for processor 'microblaze_0' is selected.
03:28:46 INFO  : Hardware design and registers information is loaded from '/home/duncan/QCS/Vitis/QCS_1_wrapper/export/QCS_1_wrapper/hw/QCS_1_wrapper.xsa'.
03:28:46 INFO  : 'configparams mdm-detect-bscan-mask 2' command is executed.
03:28:46 INFO  : Context for processor 'microblaze_0' is selected.
03:28:46 INFO  : System reset is completed.
03:28:49 INFO  : 'after 3000' command is executed.
03:28:49 INFO  : Context for processor 'microblaze_0' is selected.
03:28:49 INFO  : The application '/home/duncan/QCS/Vitis/Print_Registers/Debug/Print_Registers.elf' is downloaded to processor 'microblaze_0'.
03:28:49 INFO  : ----------------XSDB Script----------------
connect -url tcp:127.0.0.1:3121
targets -set -filter {jtag_cable_name =~ "Digilent Arty A7-35T 210319B58134A" && level==0 && jtag_device_ctx=="jsn-Arty A7-35T-210319B58134A-0362d093-0"}
fpga -file /home/duncan/QCS/Vitis/Print_Registers/_ide/bitstream/QCS_1_wrapper.bit
targets -set -nocase -filter {name =~ "*microblaze*#0" && bscan=="USER2" }
loadhw -hw /home/duncan/QCS/Vitis/QCS_1_wrapper/export/QCS_1_wrapper/hw/QCS_1_wrapper.xsa -regs
configparams mdm-detect-bscan-mask 2
targets -set -nocase -filter {name =~ "*microblaze*#0" && bscan=="USER2" }
rst -system
after 3000
targets -set -nocase -filter {name =~ "*microblaze*#0" && bscan=="USER2" }
dow /home/duncan/QCS/Vitis/Print_Registers/Debug/Print_Registers.elf
----------------End of Script----------------

03:28:49 INFO  : Context for processor 'microblaze_0' is selected.
03:28:49 INFO  : 'con' command is executed.
03:28:49 INFO  : ----------------XSDB Script (After Launch)----------------
targets -set -nocase -filter {name =~ "*microblaze*#0" && bscan=="USER2" }
con
----------------End of Script----------------

03:28:49 INFO  : Launch script is exported to file '/home/duncan/QCS/Vitis/Print_Registers_system/_ide/scripts/systemdebugger_print_registers_system_standalone.tcl'
03:38:02 ERROR : Failed to update hardware specification for project 'QCS_1_wrapper'.
Reason: Failed to execute command 'platform config -updatehw {/home/duncan/QCS/QCS_1_wrapper.xsa}'. Click on details for more information.
03:38:29 ERROR : Failed to update hardware specification for project 'QCS_1_wrapper'.
Reason: Failed to execute command 'platform config -updatehw {/home/duncan/QCS/QCS_1_wrapper.xsa}'. Click on details for more information.
03:41:32 ERROR : Failed to update hardware specification for project 'QCS_1_wrapper'.
Reason: Failed to execute command 'platform config -updatehw {/home/duncan/QCS/QCS_1_wrapper.xsa}'. Click on details for more information.
03:42:06 INFO  : Inferring section assignments and sizes from elf file: /home/duncan/QCS/Vitis/Print_Registers/Debug/Print_Registers.elf
03:42:11 INFO  : Successfully generated /home/duncan/QCS/Vitis/Print_Registers/src/lscript.ld.
03:42:11 INFO  : Applying linker script to all configurations of project Print_Registers.
03:42:11 INFO  : Setting rebuild state to true for all configurations of project Print_Registers.
03:42:21 INFO  : Result from executing command 'getProjects': QCS_1_wrapper;design_1_wrapper
03:42:21 INFO  : Result from executing command 'getPlatforms': QCS_1_wrapper|/home/duncan/QCS/Vitis/QCS_1_wrapper/export/QCS_1_wrapper/QCS_1_wrapper.xpfm;design_1_wrapper|/home/duncan/QCS/Vitis/design_1_wrapper/export/design_1_wrapper/design_1_wrapper.xpfm;xilinx_vck190_base_202310_1|/media/duncan/Data/Vitis/2023.1/base_platforms/xilinx_vck190_base_202310_1/xilinx_vck190_base_202310_1.xpfm;xilinx_vck190_base_dfx_202310_1|/media/duncan/Data/Vitis/2023.1/base_platforms/xilinx_vck190_base_dfx_202310_1/xilinx_vck190_base_dfx_202310_1.xpfm;xilinx_vek280_es1_base_202310_1|/media/duncan/Data/Vitis/2023.1/base_platforms/xilinx_vek280_es1_base_202310_1/xilinx_vek280_es1_base_202310_1.xpfm;xilinx_vmk180_base_202310_1|/media/duncan/Data/Vitis/2023.1/base_platforms/xilinx_vmk180_base_202310_1/xilinx_vmk180_base_202310_1.xpfm;xilinx_zcu102_base_202310_1|/media/duncan/Data/Vitis/2023.1/base_platforms/xilinx_zcu102_base_202310_1/xilinx_zcu102_base_202310_1.xpfm;xilinx_zcu102_base_dfx_202310_1|/media/duncan/Data/Vitis/2023.1/base_platforms/xilinx_zcu102_base_dfx_202310_1/xilinx_zcu102_base_dfx_202310_1.xpfm;xilinx_zcu104_base_202310_1|/media/duncan/Data/Vitis/2023.1/base_platforms/xilinx_zcu104_base_202310_1/xilinx_zcu104_base_202310_1.xpfm
03:42:25 INFO  : Checking for BSP changes to sync application flags for project 'Print_Registers'...
03:42:31 ERROR : XSCT server calls should not be made from TCF thread.
java.lang.RuntimeException: XSCT server calls should not be made from TCF thread.
	at com.xilinx.sdk.xsdb.XSDBCommandManager.issueAndWait(XSDBCommandManager.java:392) [com.xilinx.sdk.xsdb_1.0.0.202305040745.jar:?]
	at com.xilinx.sdk.xsdb.XsdbCommandUtils.executeAndRespond(XsdbCommandUtils.java:325) [com.xilinx.sdk.xsdb_1.0.0.202305040745.jar:?]
	at com.xilinx.sdk.hw.internal.HwPlatform.populateDesignProps(HwPlatform.java:521) [com.xilinx.sdk.hw_1.0.0.202305040745.jar:?]
	at com.xilinx.sdk.hw.internal.HwPlatform.isZynq(HwPlatform.java:1101) [com.xilinx.sdk.hw_1.0.0.202305040745.jar:?]
	at com.xilinx.sdk.hw.internal.HwPlatform.getArchFamily(HwPlatform.java:587) [com.xilinx.sdk.hw_1.0.0.202305040745.jar:?]
	at com.xilinx.sdk.tcf.internal.debug.ui.common.BaseLaunchConfigModel.readCrossTriggerModel(BaseLaunchConfigModel.java:174) [com.xilinx.sdk.tcf.debug_1.0.0.202305040745.jar:?]
	at com.xilinx.sdk.tcf.internal.debug.ui.common.BaseLaunchConfigModel.readAndSetAttributes(BaseLaunchConfigModel.java:156) [com.xilinx.sdk.tcf.debug_1.0.0.202305040745.jar:?]
	at com.xilinx.sdx.sdsoc.debug.ui.SdsLaunchConfigModel.newInstance(SdsLaunchConfigModel.java:109) [com.xilinx.sdx.sdsoc.debug.ui_1.0.0.202305040745.jar:?]
	at com.xilinx.sdx.sdsoc.debug.launch.SdsTcfLaunchDelegate.createConfigModel(SdsTcfLaunchDelegate.java:85) [com.xilinx.sdx.sdsoc.debug_1.0.0.202305040745.jar:?]
	at com.xilinx.sdx.sdsoc.debug.launch.SdsTcfLaunchDelegate.generateReports(SdsTcfLaunchDelegate.java:641) [com.xilinx.sdx.sdsoc.debug_1.0.0.202305040745.jar:?]
	at com.xilinx.sdx.sdsoc.debug.launch.SdsTcfLaunchDelegate.onDisconnected(SdsTcfLaunchDelegate.java:615) [com.xilinx.sdx.sdsoc.debug_1.0.0.202305040745.jar:?]
	at org.eclipse.tcf.internal.debug.ui.model.TCFModelManager$1.onDisconnected(TCFModelManager.java:79) [org.eclipse.tcf.debug.ui_1.7.0.202305040745.jar:?]
	at org.eclipse.tcf.internal.debug.model.TCFLaunch.onDisconnected(TCFLaunch.java:532) [org.eclipse.tcf.debug_1.7.0.202305040745.jar:?]
	at org.eclipse.tcf.internal.debug.model.TCFLaunch$43.onChannelClosed(TCFLaunch.java:1643) [org.eclipse.tcf.debug_1.7.0.202305040745.jar:?]
	at org.eclipse.tcf.core.AbstractChannel$9.run(AbstractChannel.java:858) [org.eclipse.tcf.core_1.7.0.202305040745.jar:?]
	at org.eclipse.tcf.EventQueue.run(EventQueue.java:98) [org.eclipse.tcf_1.7.0.202305040745.jar:?]
	at java.lang.Thread.run(Thread.java:829) [?:?]
03:42:31 INFO  : Disconnected from the channel tcfchan#4.
03:42:31 INFO  : Connected to target on host '127.0.0.1' and port '3121'.
03:42:32 INFO  : Jtag cable 'Digilent Arty A7-35T 210319B58134A' is selected.
03:42:32 INFO  : 'jtag frequency' command is executed.
03:42:32 INFO  : 'targets -set -filter {jtag_cable_name =~ "Digilent Arty A7-35T 210319B58134A" && level==0 && jtag_device_ctx=="jsn-Arty A7-35T-210319B58134A-0362d093-0"}' command is executed.
03:42:33 INFO  : Device configured successfully with "/home/duncan/QCS/Vitis/Print_Registers/_ide/bitstream/QCS_1_wrapper.bit"
03:42:33 INFO  : Context for processor 'microblaze_0' is selected.
03:42:33 INFO  : Hardware design and registers information is loaded from '/home/duncan/QCS/Vitis/QCS_1_wrapper/export/QCS_1_wrapper/hw/QCS_1_wrapper.xsa'.
03:42:33 INFO  : 'configparams mdm-detect-bscan-mask 2' command is executed.
03:42:33 INFO  : Context for processor 'microblaze_0' is selected.
03:42:33 INFO  : System reset is completed.
03:42:36 INFO  : 'after 3000' command is executed.
03:42:36 INFO  : Context for processor 'microblaze_0' is selected.
03:42:36 INFO  : The application '/home/duncan/QCS/Vitis/Print_Registers/Debug/Print_Registers.elf' is downloaded to processor 'microblaze_0'.
03:42:36 INFO  : ----------------XSDB Script----------------
connect -url tcp:127.0.0.1:3121
targets -set -filter {jtag_cable_name =~ "Digilent Arty A7-35T 210319B58134A" && level==0 && jtag_device_ctx=="jsn-Arty A7-35T-210319B58134A-0362d093-0"}
fpga -file /home/duncan/QCS/Vitis/Print_Registers/_ide/bitstream/QCS_1_wrapper.bit
targets -set -nocase -filter {name =~ "*microblaze*#0" && bscan=="USER2" }
loadhw -hw /home/duncan/QCS/Vitis/QCS_1_wrapper/export/QCS_1_wrapper/hw/QCS_1_wrapper.xsa -regs
configparams mdm-detect-bscan-mask 2
targets -set -nocase -filter {name =~ "*microblaze*#0" && bscan=="USER2" }
rst -system
after 3000
targets -set -nocase -filter {name =~ "*microblaze*#0" && bscan=="USER2" }
dow /home/duncan/QCS/Vitis/Print_Registers/Debug/Print_Registers.elf
----------------End of Script----------------

03:42:36 INFO  : Context for processor 'microblaze_0' is selected.
03:42:36 INFO  : 'con' command is executed.
03:42:36 INFO  : ----------------XSDB Script (After Launch)----------------
targets -set -nocase -filter {name =~ "*microblaze*#0" && bscan=="USER2" }
con
----------------End of Script----------------

03:42:36 INFO  : Launch script is exported to file '/home/duncan/QCS/Vitis/Print_Registers_system/_ide/scripts/systemdebugger_print_registers_system_standalone.tcl'
10:42:25 ERROR : Failed to update hardware specification for project 'QCS_1_wrapper'.
Reason: Failed to execute command 'platform config -updatehw {/home/duncan/QCS/QCS_1_wrapper.xsa}'. Click on details for more information.
07:42:33 INFO  : Disconnected from the channel tcfchan#6.
