
*** Running vivado
    with args -log seq_probe_c_counter_binary_0_0.vds -m64 -product Vivado -mode batch -messageDb vivado.pb -notrace -source seq_probe_c_counter_binary_0_0.tcl


****** Vivado v2023.1 (64-bit)
  **** SW Build 3865809 on Sun May  7 15:04:56 MDT 2023
  **** IP Build 3864474 on Sun May  7 20:36:21 MDT 2023
  **** SharedData Build 3865790 on Sun May 07 13:33:03 MDT 2023
    ** Copyright 1986-2022 Xilinx, Inc. All Rights Reserved.
    ** Copyright 2022-2023 Advanced Micro Devices, Inc. All Rights Reserved.

source seq_probe_c_counter_binary_0_0.tcl -notrace
create_project: Time (s): cpu = 00:00:07 ; elapsed = 00:00:07 . Memory (MB): peak = 2067.703 ; gain = 122.023 ; free physical = 3520 ; free virtual = 7497
INFO: [IP_Flow 19-234] Refreshing IP repositories
INFO: [IP_Flow 19-1700] Loaded user IP repository '/home/duncan/ip_repo/QCS_AXI_1_0'.
INFO: [IP_Flow 19-2313] Loaded Vivado IP repository '/media/duncan/Data/Vivado/2023.1/data/ip'.
INFO: [IP_Flow 19-6924] IPCACHE: Running cache check for IP inst: seq_probe_c_counter_binary_0_0
Command: synth_design -top seq_probe_c_counter_binary_0_0 -part xc7a35ticsg324-1L -incremental_mode off -mode out_of_context
Starting synth_design
Attempting to get a license for feature 'Synthesis' and/or device 'xc7a35ti'
INFO: [Common 17-349] Got license for feature 'Synthesis' and/or device 'xc7a35ti'
INFO: [Device 21-403] Loading part xc7a35ticsg324-1L
INFO: [Synth 8-7079] Multithreading enabled for synth_design using a maximum of 4 processes.
INFO: [Synth 8-7078] Launching helper process for spawning children vivado processes
INFO: [Synth 8-7075] Helper process launched with PID 1219170
---------------------------------------------------------------------------------
Starting RTL Elaboration : Time (s): cpu = 00:00:04 ; elapsed = 00:00:05 . Memory (MB): peak = 2803.160 ; gain = 377.699 ; free physical = 1727 ; free virtual = 5705
---------------------------------------------------------------------------------
INFO: [Synth 8-638] synthesizing module 'seq_probe_c_counter_binary_0_0' [/home/duncan/QCS/QCS.gen/sources_1/bd/seq_probe/ip/seq_probe_c_counter_binary_0_0/synth/seq_probe_c_counter_binary_0_0.vhd:66]
	Parameter C_IMPLEMENTATION bound to: 0 - type: integer 
	Parameter C_VERBOSITY bound to: 0 - type: integer 
	Parameter C_XDEVICEFAMILY bound to: artix7 - type: string 
	Parameter C_WIDTH bound to: 32 - type: integer 
	Parameter C_HAS_CE bound to: 0 - type: integer 
	Parameter C_HAS_SCLR bound to: 0 - type: integer 
	Parameter C_RESTRICT_COUNT bound to: 0 - type: integer 
	Parameter C_COUNT_TO bound to: 1 - type: string 
	Parameter C_COUNT_BY bound to: 1 - type: string 
	Parameter C_COUNT_MODE bound to: 0 - type: integer 
	Parameter C_THRESH0_VALUE bound to: 1 - type: string 
	Parameter C_CE_OVERRIDES_SYNC bound to: 0 - type: integer 
	Parameter C_HAS_THRESH0 bound to: 0 - type: integer 
	Parameter C_HAS_LOAD bound to: 0 - type: integer 
	Parameter C_LOAD_LOW bound to: 0 - type: integer 
	Parameter C_LATENCY bound to: 1 - type: integer 
	Parameter C_FB_LATENCY bound to: 0 - type: integer 
	Parameter C_AINIT_VAL bound to: 0 - type: string 
	Parameter C_SINIT_VAL bound to: 0 - type: string 
	Parameter C_SCLR_OVERRIDES_SSET bound to: 1 - type: integer 
	Parameter C_HAS_SSET bound to: 0 - type: integer 
	Parameter C_HAS_SINIT bound to: 0 - type: integer 
INFO: [Synth 8-3491] module 'c_counter_binary_v12_0_16' declared at '/home/duncan/QCS/QCS.gen/sources_1/bd/seq_probe/ipshared/5421/hdl/c_counter_binary_v12_0_vh_rfs.vhd:2146' bound to instance 'U0' of component 'c_counter_binary_v12_0_16' [/home/duncan/QCS/QCS.gen/sources_1/bd/seq_probe/ip/seq_probe_c_counter_binary_0_0/synth/seq_probe_c_counter_binary_0_0.vhd:122]
INFO: [Synth 8-256] done synthesizing module 'seq_probe_c_counter_binary_0_0' (0#1) [/home/duncan/QCS/QCS.gen/sources_1/bd/seq_probe/ip/seq_probe_c_counter_binary_0_0/synth/seq_probe_c_counter_binary_0_0.vhd:66]
WARNING: [Synth 8-7129] Port CE in module c_reg_fd_v12_0_6_viv is either unconnected or has no load
WARNING: [Synth 8-7129] Port AINIT in module c_reg_fd_v12_0_6_viv is either unconnected or has no load
WARNING: [Synth 8-7129] Port ACLR in module c_reg_fd_v12_0_6_viv is either unconnected or has no load
WARNING: [Synth 8-7129] Port ASET in module c_reg_fd_v12_0_6_viv is either unconnected or has no load
WARNING: [Synth 8-7129] Port SINIT in module c_reg_fd_v12_0_6_viv is either unconnected or has no load
WARNING: [Synth 8-7129] Port SCLR in module c_reg_fd_v12_0_6_viv is either unconnected or has no load
WARNING: [Synth 8-7129] Port SSET in module c_reg_fd_v12_0_6_viv is either unconnected or has no load
WARNING: [Synth 8-7129] Port b[31] in module c_addsub_v12_0_15_lut6_legacy is either unconnected or has no load
WARNING: [Synth 8-7129] Port b[30] in module c_addsub_v12_0_15_lut6_legacy is either unconnected or has no load
WARNING: [Synth 8-7129] Port b[29] in module c_addsub_v12_0_15_lut6_legacy is either unconnected or has no load
WARNING: [Synth 8-7129] Port b[28] in module c_addsub_v12_0_15_lut6_legacy is either unconnected or has no load
WARNING: [Synth 8-7129] Port b[27] in module c_addsub_v12_0_15_lut6_legacy is either unconnected or has no load
WARNING: [Synth 8-7129] Port b[26] in module c_addsub_v12_0_15_lut6_legacy is either unconnected or has no load
WARNING: [Synth 8-7129] Port b[25] in module c_addsub_v12_0_15_lut6_legacy is either unconnected or has no load
WARNING: [Synth 8-7129] Port b[24] in module c_addsub_v12_0_15_lut6_legacy is either unconnected or has no load
WARNING: [Synth 8-7129] Port b[23] in module c_addsub_v12_0_15_lut6_legacy is either unconnected or has no load
WARNING: [Synth 8-7129] Port b[22] in module c_addsub_v12_0_15_lut6_legacy is either unconnected or has no load
WARNING: [Synth 8-7129] Port b[21] in module c_addsub_v12_0_15_lut6_legacy is either unconnected or has no load
WARNING: [Synth 8-7129] Port b[20] in module c_addsub_v12_0_15_lut6_legacy is either unconnected or has no load
WARNING: [Synth 8-7129] Port b[19] in module c_addsub_v12_0_15_lut6_legacy is either unconnected or has no load
WARNING: [Synth 8-7129] Port b[18] in module c_addsub_v12_0_15_lut6_legacy is either unconnected or has no load
WARNING: [Synth 8-7129] Port b[17] in module c_addsub_v12_0_15_lut6_legacy is either unconnected or has no load
WARNING: [Synth 8-7129] Port b[16] in module c_addsub_v12_0_15_lut6_legacy is either unconnected or has no load
WARNING: [Synth 8-7129] Port b[15] in module c_addsub_v12_0_15_lut6_legacy is either unconnected or has no load
WARNING: [Synth 8-7129] Port b[14] in module c_addsub_v12_0_15_lut6_legacy is either unconnected or has no load
WARNING: [Synth 8-7129] Port b[13] in module c_addsub_v12_0_15_lut6_legacy is either unconnected or has no load
WARNING: [Synth 8-7129] Port b[12] in module c_addsub_v12_0_15_lut6_legacy is either unconnected or has no load
WARNING: [Synth 8-7129] Port b[11] in module c_addsub_v12_0_15_lut6_legacy is either unconnected or has no load
WARNING: [Synth 8-7129] Port b[10] in module c_addsub_v12_0_15_lut6_legacy is either unconnected or has no load
WARNING: [Synth 8-7129] Port b[9] in module c_addsub_v12_0_15_lut6_legacy is either unconnected or has no load
WARNING: [Synth 8-7129] Port b[8] in module c_addsub_v12_0_15_lut6_legacy is either unconnected or has no load
WARNING: [Synth 8-7129] Port b[7] in module c_addsub_v12_0_15_lut6_legacy is either unconnected or has no load
WARNING: [Synth 8-7129] Port b[6] in module c_addsub_v12_0_15_lut6_legacy is either unconnected or has no load
WARNING: [Synth 8-7129] Port b[5] in module c_addsub_v12_0_15_lut6_legacy is either unconnected or has no load
WARNING: [Synth 8-7129] Port b[4] in module c_addsub_v12_0_15_lut6_legacy is either unconnected or has no load
WARNING: [Synth 8-7129] Port b[3] in module c_addsub_v12_0_15_lut6_legacy is either unconnected or has no load
WARNING: [Synth 8-7129] Port b[2] in module c_addsub_v12_0_15_lut6_legacy is either unconnected or has no load
WARNING: [Synth 8-7129] Port b[1] in module c_addsub_v12_0_15_lut6_legacy is either unconnected or has no load
WARNING: [Synth 8-7129] Port b[0] in module c_addsub_v12_0_15_lut6_legacy is either unconnected or has no load
WARNING: [Synth 8-7129] Port add in module c_addsub_v12_0_15_lut6_legacy is either unconnected or has no load
WARNING: [Synth 8-7129] Port c_in in module c_addsub_v12_0_15_lut6_legacy is either unconnected or has no load
WARNING: [Synth 8-7129] Port ce in module c_addsub_v12_0_15_lut6_legacy is either unconnected or has no load
WARNING: [Synth 8-7129] Port bypass in module c_addsub_v12_0_15_lut6_legacy is either unconnected or has no load
WARNING: [Synth 8-7129] Port sclr in module c_addsub_v12_0_15_lut6_legacy is either unconnected or has no load
WARNING: [Synth 8-7129] Port sset in module c_addsub_v12_0_15_lut6_legacy is either unconnected or has no load
WARNING: [Synth 8-7129] Port sinit in module c_addsub_v12_0_15_lut6_legacy is either unconnected or has no load
WARNING: [Synth 8-7129] Port c_in in module c_addsub_v12_0_15_legacy is either unconnected or has no load
WARNING: [Synth 8-7129] Port b_in in module c_addsub_v12_0_15_legacy is either unconnected or has no load
WARNING: [Synth 8-7129] Port a_signed in module c_addsub_v12_0_15_legacy is either unconnected or has no load
WARNING: [Synth 8-7129] Port b_signed in module c_addsub_v12_0_15_legacy is either unconnected or has no load
WARNING: [Synth 8-7129] Port up in module c_counter_binary_v12_0_16_legacy is either unconnected or has no load
WARNING: [Synth 8-7129] Port ce in module c_counter_binary_v12_0_16_legacy is either unconnected or has no load
WARNING: [Synth 8-7129] Port load in module c_counter_binary_v12_0_16_legacy is either unconnected or has no load
WARNING: [Synth 8-7129] Port l[31] in module c_counter_binary_v12_0_16_legacy is either unconnected or has no load
WARNING: [Synth 8-7129] Port l[30] in module c_counter_binary_v12_0_16_legacy is either unconnected or has no load
WARNING: [Synth 8-7129] Port l[29] in module c_counter_binary_v12_0_16_legacy is either unconnected or has no load
WARNING: [Synth 8-7129] Port l[28] in module c_counter_binary_v12_0_16_legacy is either unconnected or has no load
WARNING: [Synth 8-7129] Port l[27] in module c_counter_binary_v12_0_16_legacy is either unconnected or has no load
WARNING: [Synth 8-7129] Port l[26] in module c_counter_binary_v12_0_16_legacy is either unconnected or has no load
WARNING: [Synth 8-7129] Port l[25] in module c_counter_binary_v12_0_16_legacy is either unconnected or has no load
WARNING: [Synth 8-7129] Port l[24] in module c_counter_binary_v12_0_16_legacy is either unconnected or has no load
WARNING: [Synth 8-7129] Port l[23] in module c_counter_binary_v12_0_16_legacy is either unconnected or has no load
WARNING: [Synth 8-7129] Port l[22] in module c_counter_binary_v12_0_16_legacy is either unconnected or has no load
WARNING: [Synth 8-7129] Port l[21] in module c_counter_binary_v12_0_16_legacy is either unconnected or has no load
WARNING: [Synth 8-7129] Port l[20] in module c_counter_binary_v12_0_16_legacy is either unconnected or has no load
WARNING: [Synth 8-7129] Port l[19] in module c_counter_binary_v12_0_16_legacy is either unconnected or has no load
WARNING: [Synth 8-7129] Port l[18] in module c_counter_binary_v12_0_16_legacy is either unconnected or has no load
WARNING: [Synth 8-7129] Port l[17] in module c_counter_binary_v12_0_16_legacy is either unconnected or has no load
WARNING: [Synth 8-7129] Port l[16] in module c_counter_binary_v12_0_16_legacy is either unconnected or has no load
WARNING: [Synth 8-7129] Port l[15] in module c_counter_binary_v12_0_16_legacy is either unconnected or has no load
WARNING: [Synth 8-7129] Port l[14] in module c_counter_binary_v12_0_16_legacy is either unconnected or has no load
WARNING: [Synth 8-7129] Port l[13] in module c_counter_binary_v12_0_16_legacy is either unconnected or has no load
WARNING: [Synth 8-7129] Port l[12] in module c_counter_binary_v12_0_16_legacy is either unconnected or has no load
WARNING: [Synth 8-7129] Port l[11] in module c_counter_binary_v12_0_16_legacy is either unconnected or has no load
WARNING: [Synth 8-7129] Port l[10] in module c_counter_binary_v12_0_16_legacy is either unconnected or has no load
WARNING: [Synth 8-7129] Port l[9] in module c_counter_binary_v12_0_16_legacy is either unconnected or has no load
WARNING: [Synth 8-7129] Port l[8] in module c_counter_binary_v12_0_16_legacy is either unconnected or has no load
WARNING: [Synth 8-7129] Port l[7] in module c_counter_binary_v12_0_16_legacy is either unconnected or has no load
WARNING: [Synth 8-7129] Port l[6] in module c_counter_binary_v12_0_16_legacy is either unconnected or has no load
WARNING: [Synth 8-7129] Port l[5] in module c_counter_binary_v12_0_16_legacy is either unconnected or has no load
WARNING: [Synth 8-7129] Port l[4] in module c_counter_binary_v12_0_16_legacy is either unconnected or has no load
WARNING: [Synth 8-7129] Port l[3] in module c_counter_binary_v12_0_16_legacy is either unconnected or has no load
WARNING: [Synth 8-7129] Port l[2] in module c_counter_binary_v12_0_16_legacy is either unconnected or has no load
WARNING: [Synth 8-7129] Port l[1] in module c_counter_binary_v12_0_16_legacy is either unconnected or has no load
WARNING: [Synth 8-7129] Port l[0] in module c_counter_binary_v12_0_16_legacy is either unconnected or has no load
WARNING: [Synth 8-7129] Port iv[31] in module c_counter_binary_v12_0_16_legacy is either unconnected or has no load
WARNING: [Synth 8-7129] Port iv[30] in module c_counter_binary_v12_0_16_legacy is either unconnected or has no load
WARNING: [Synth 8-7129] Port iv[29] in module c_counter_binary_v12_0_16_legacy is either unconnected or has no load
WARNING: [Synth 8-7129] Port iv[28] in module c_counter_binary_v12_0_16_legacy is either unconnected or has no load
WARNING: [Synth 8-7129] Port iv[27] in module c_counter_binary_v12_0_16_legacy is either unconnected or has no load
WARNING: [Synth 8-7129] Port iv[26] in module c_counter_binary_v12_0_16_legacy is either unconnected or has no load
WARNING: [Synth 8-7129] Port iv[25] in module c_counter_binary_v12_0_16_legacy is either unconnected or has no load
WARNING: [Synth 8-7129] Port iv[24] in module c_counter_binary_v12_0_16_legacy is either unconnected or has no load
WARNING: [Synth 8-7129] Port iv[23] in module c_counter_binary_v12_0_16_legacy is either unconnected or has no load
WARNING: [Synth 8-7129] Port iv[22] in module c_counter_binary_v12_0_16_legacy is either unconnected or has no load
WARNING: [Synth 8-7129] Port iv[21] in module c_counter_binary_v12_0_16_legacy is either unconnected or has no load
WARNING: [Synth 8-7129] Port iv[20] in module c_counter_binary_v12_0_16_legacy is either unconnected or has no load
WARNING: [Synth 8-7129] Port iv[19] in module c_counter_binary_v12_0_16_legacy is either unconnected or has no load
WARNING: [Synth 8-7129] Port iv[18] in module c_counter_binary_v12_0_16_legacy is either unconnected or has no load
WARNING: [Synth 8-7129] Port iv[17] in module c_counter_binary_v12_0_16_legacy is either unconnected or has no load
INFO: [Common 17-14] Message 'Synth 8-7129' appears 100 times and further instances of the messages will be disabled. Use the Tcl command set_msg_config to change the current settings.
---------------------------------------------------------------------------------
Finished RTL Elaboration : Time (s): cpu = 00:00:06 ; elapsed = 00:00:07 . Memory (MB): peak = 2889.098 ; gain = 463.637 ; free physical = 1499 ; free virtual = 5477
---------------------------------------------------------------------------------
---------------------------------------------------------------------------------
Start Handling Custom Attributes
---------------------------------------------------------------------------------
---------------------------------------------------------------------------------
Finished Handling Custom Attributes : Time (s): cpu = 00:00:06 ; elapsed = 00:00:07 . Memory (MB): peak = 2903.941 ; gain = 478.480 ; free physical = 1499 ; free virtual = 5477
---------------------------------------------------------------------------------
---------------------------------------------------------------------------------
Finished RTL Optimization Phase 1 : Time (s): cpu = 00:00:06 ; elapsed = 00:00:07 . Memory (MB): peak = 2903.941 ; gain = 478.480 ; free physical = 1499 ; free virtual = 5477
---------------------------------------------------------------------------------
Netlist sorting complete. Time (s): cpu = 00:00:00.01 ; elapsed = 00:00:00.01 . Memory (MB): peak = 2909.879 ; gain = 0.000 ; free physical = 1497 ; free virtual = 5476
INFO: [Netlist 29-17] Analyzing 63 Unisim elements for replacement
INFO: [Netlist 29-28] Unisim Transformation completed in 0 CPU seconds
INFO: [Project 1-570] Preparing netlist for logic optimization

Processing XDC Constraints
Initializing timing engine
Parsing XDC File [/home/duncan/QCS/QCS.gen/sources_1/bd/seq_probe/ip/seq_probe_c_counter_binary_0_0/seq_probe_c_counter_binary_0_0_ooc.xdc] for cell 'U0'
Finished Parsing XDC File [/home/duncan/QCS/QCS.gen/sources_1/bd/seq_probe/ip/seq_probe_c_counter_binary_0_0/seq_probe_c_counter_binary_0_0_ooc.xdc] for cell 'U0'
Parsing XDC File [/home/duncan/QCS/QCS.runs/seq_probe_c_counter_binary_0_0_synth_1/dont_touch.xdc]
Finished Parsing XDC File [/home/duncan/QCS/QCS.runs/seq_probe_c_counter_binary_0_0_synth_1/dont_touch.xdc]
Completed Processing XDC Constraints

Netlist sorting complete. Time (s): cpu = 00:00:00 ; elapsed = 00:00:00 . Memory (MB): peak = 3016.723 ; gain = 0.000 ; free physical = 1497 ; free virtual = 5476
INFO: [Project 1-111] Unisim Transformation Summary:
No Unisim elements were transformed.

Constraint Validation Runtime : Time (s): cpu = 00:00:00.01 ; elapsed = 00:00:00.01 . Memory (MB): peak = 3016.723 ; gain = 0.000 ; free physical = 1497 ; free virtual = 5476
INFO: [Designutils 20-5008] Incremental synthesis strategy off
---------------------------------------------------------------------------------
Finished Constraint Validation : Time (s): cpu = 00:00:12 ; elapsed = 00:00:13 . Memory (MB): peak = 3016.723 ; gain = 591.262 ; free physical = 1701 ; free virtual = 5680
---------------------------------------------------------------------------------
---------------------------------------------------------------------------------
Start Loading Part and Timing Information
---------------------------------------------------------------------------------
Loading part: xc7a35ticsg324-1L
---------------------------------------------------------------------------------
Finished Loading Part and Timing Information : Time (s): cpu = 00:00:12 ; elapsed = 00:00:13 . Memory (MB): peak = 3016.723 ; gain = 591.262 ; free physical = 1701 ; free virtual = 5680
---------------------------------------------------------------------------------
---------------------------------------------------------------------------------
Start Applying 'set_property' XDC Constraints
---------------------------------------------------------------------------------
Applied set_property KEEP_HIERARCHY = SOFT for U0. (constraint file  /home/duncan/QCS/QCS.runs/seq_probe_c_counter_binary_0_0_synth_1/dont_touch.xdc, line 9).
---------------------------------------------------------------------------------
Finished applying 'set_property' XDC Constraints : Time (s): cpu = 00:00:12 ; elapsed = 00:00:13 . Memory (MB): peak = 3016.723 ; gain = 591.262 ; free physical = 1701 ; free virtual = 5680
---------------------------------------------------------------------------------
---------------------------------------------------------------------------------
Finished RTL Optimization Phase 2 : Time (s): cpu = 00:00:12 ; elapsed = 00:00:13 . Memory (MB): peak = 3016.723 ; gain = 591.262 ; free physical = 1699 ; free virtual = 5679
---------------------------------------------------------------------------------
---------------------------------------------------------------------------------
Start RTL Component Statistics 
---------------------------------------------------------------------------------
---------------------------------------------------------------------------------
Finished RTL Component Statistics 
---------------------------------------------------------------------------------
---------------------------------------------------------------------------------
Start Part Resource Summary
---------------------------------------------------------------------------------
Part Resources:
DSPs: 90 (col length:60)
BRAMs: 100 (col length: RAMB18 60 RAMB36 30)
---------------------------------------------------------------------------------
Finished Part Resource Summary
---------------------------------------------------------------------------------
---------------------------------------------------------------------------------
Start Cross Boundary and Area Optimization
---------------------------------------------------------------------------------
WARNING: [Synth 8-7080] Parallel synthesis criteria is not met
---------------------------------------------------------------------------------
Finished Cross Boundary and Area Optimization : Time (s): cpu = 00:00:13 ; elapsed = 00:00:14 . Memory (MB): peak = 3016.723 ; gain = 591.262 ; free physical = 1704 ; free virtual = 5684
---------------------------------------------------------------------------------
---------------------------------------------------------------------------------
Start Applying XDC Timing Constraints
---------------------------------------------------------------------------------
---------------------------------------------------------------------------------
Finished Applying XDC Timing Constraints : Time (s): cpu = 00:00:17 ; elapsed = 00:00:18 . Memory (MB): peak = 3016.723 ; gain = 591.262 ; free physical = 1461 ; free virtual = 5440
---------------------------------------------------------------------------------
---------------------------------------------------------------------------------
Start Timing Optimization
---------------------------------------------------------------------------------
---------------------------------------------------------------------------------
Finished Timing Optimization : Time (s): cpu = 00:00:17 ; elapsed = 00:00:18 . Memory (MB): peak = 3016.723 ; gain = 591.262 ; free physical = 1461 ; free virtual = 5440
---------------------------------------------------------------------------------
---------------------------------------------------------------------------------
Start Technology Mapping
---------------------------------------------------------------------------------
---------------------------------------------------------------------------------
Finished Technology Mapping : Time (s): cpu = 00:00:17 ; elapsed = 00:00:18 . Memory (MB): peak = 3016.723 ; gain = 591.262 ; free physical = 1459 ; free virtual = 5439
---------------------------------------------------------------------------------
---------------------------------------------------------------------------------
Start IO Insertion
---------------------------------------------------------------------------------
---------------------------------------------------------------------------------
Start Flattening Before IO Insertion
---------------------------------------------------------------------------------
---------------------------------------------------------------------------------
Finished Flattening Before IO Insertion
---------------------------------------------------------------------------------
---------------------------------------------------------------------------------
Start Final Netlist Cleanup
---------------------------------------------------------------------------------
---------------------------------------------------------------------------------
Finished Final Netlist Cleanup
---------------------------------------------------------------------------------
---------------------------------------------------------------------------------
Finished IO Insertion : Time (s): cpu = 00:00:21 ; elapsed = 00:00:22 . Memory (MB): peak = 3016.723 ; gain = 591.262 ; free physical = 1422 ; free virtual = 5400
---------------------------------------------------------------------------------
---------------------------------------------------------------------------------
Start Renaming Generated Instances
---------------------------------------------------------------------------------
---------------------------------------------------------------------------------
Finished Renaming Generated Instances : Time (s): cpu = 00:00:21 ; elapsed = 00:00:22 . Memory (MB): peak = 3016.723 ; gain = 591.262 ; free physical = 1422 ; free virtual = 5400
---------------------------------------------------------------------------------
---------------------------------------------------------------------------------
Start Rebuilding User Hierarchy
---------------------------------------------------------------------------------
---------------------------------------------------------------------------------
Finished Rebuilding User Hierarchy : Time (s): cpu = 00:00:21 ; elapsed = 00:00:22 . Memory (MB): peak = 3016.723 ; gain = 591.262 ; free physical = 1422 ; free virtual = 5400
---------------------------------------------------------------------------------
---------------------------------------------------------------------------------
Start Renaming Generated Ports
---------------------------------------------------------------------------------
---------------------------------------------------------------------------------
Finished Renaming Generated Ports : Time (s): cpu = 00:00:21 ; elapsed = 00:00:22 . Memory (MB): peak = 3016.723 ; gain = 591.262 ; free physical = 1422 ; free virtual = 5400
---------------------------------------------------------------------------------
---------------------------------------------------------------------------------
Start Handling Custom Attributes
---------------------------------------------------------------------------------
---------------------------------------------------------------------------------
Finished Handling Custom Attributes : Time (s): cpu = 00:00:21 ; elapsed = 00:00:22 . Memory (MB): peak = 3016.723 ; gain = 591.262 ; free physical = 1422 ; free virtual = 5400
---------------------------------------------------------------------------------
---------------------------------------------------------------------------------
Start Renaming Generated Nets
---------------------------------------------------------------------------------
---------------------------------------------------------------------------------
Finished Renaming Generated Nets : Time (s): cpu = 00:00:21 ; elapsed = 00:00:22 . Memory (MB): peak = 3016.723 ; gain = 591.262 ; free physical = 1422 ; free virtual = 5400
---------------------------------------------------------------------------------
---------------------------------------------------------------------------------
Start Writing Synthesis Report
---------------------------------------------------------------------------------

Report BlackBoxes: 
+-+--------------+----------+
| |BlackBox name |Instances |
+-+--------------+----------+
+-+--------------+----------+

Report Cell Usage: 
+------+------+------+
|      |Cell  |Count |
+------+------+------+
|1     |LUT1  |     1|
|2     |MUXCY |    31|
|3     |XORCY |    32|
|4     |FDRE  |    32|
+------+------+------+
---------------------------------------------------------------------------------
Finished Writing Synthesis Report : Time (s): cpu = 00:00:21 ; elapsed = 00:00:22 . Memory (MB): peak = 3016.723 ; gain = 591.262 ; free physical = 1422 ; free virtual = 5400
---------------------------------------------------------------------------------
Synthesis finished with 0 errors, 0 critical warnings and 39 warnings.
Synthesis Optimization Runtime : Time (s): cpu = 00:00:19 ; elapsed = 00:00:20 . Memory (MB): peak = 3016.723 ; gain = 478.480 ; free physical = 1422 ; free virtual = 5400
Synthesis Optimization Complete : Time (s): cpu = 00:00:21 ; elapsed = 00:00:22 . Memory (MB): peak = 3016.723 ; gain = 591.262 ; free physical = 1422 ; free virtual = 5401
INFO: [Project 1-571] Translating synthesized netlist
Netlist sorting complete. Time (s): cpu = 00:00:00 ; elapsed = 00:00:00 . Memory (MB): peak = 3016.723 ; gain = 0.000 ; free physical = 1422 ; free virtual = 5401
INFO: [Netlist 29-17] Analyzing 63 Unisim elements for replacement
INFO: [Netlist 29-28] Unisim Transformation completed in 0 CPU seconds
INFO: [Project 1-570] Preparing netlist for logic optimization
INFO: [Opt 31-138] Pushed 0 inverter(s) to 0 load pin(s).
Netlist sorting complete. Time (s): cpu = 00:00:00 ; elapsed = 00:00:00 . Memory (MB): peak = 3016.723 ; gain = 0.000 ; free physical = 1687 ; free virtual = 5666
INFO: [Project 1-111] Unisim Transformation Summary:
  A total of 8 instances were transformed.
  (MUXCY,XORCY) => CARRY4: 8 instances

Synth Design complete | Checksum: 457cd19
INFO: [Common 17-83] Releasing license: Synthesis
25 Infos, 101 Warnings, 0 Critical Warnings and 0 Errors encountered.
synth_design completed successfully
synth_design: Time (s): cpu = 00:00:27 ; elapsed = 00:00:25 . Memory (MB): peak = 3016.723 ; gain = 909.332 ; free physical = 1690 ; free virtual = 5669
INFO: [Common 17-2834] synth_design peak Physical Memory [PSS] (MB): overall = 2476.504; main = 2164.548; forked = 338.217
INFO: [Common 17-2834] synth_design peak Virtual Memory [VSS] (MB): overall = 3950.863; main = 2984.711; forked = 966.152
INFO: [Common 17-600] The following parameters have non-default value.
tcl.collectionResultDisplayLimit
INFO: [Common 17-1381] The checkpoint '/home/duncan/QCS/QCS.runs/seq_probe_c_counter_binary_0_0_synth_1/seq_probe_c_counter_binary_0_0.dcp' has been generated.
INFO: [Coretcl 2-1648] Added synthesis output to IP cache for IP seq_probe_c_counter_binary_0_0, cache-ID = 0e42046dd88f19d3
INFO: [Coretcl 2-1174] Renamed 7 cell refs.
INFO: [Common 17-1381] The checkpoint '/home/duncan/QCS/QCS.runs/seq_probe_c_counter_binary_0_0_synth_1/seq_probe_c_counter_binary_0_0.dcp' has been generated.
INFO: [runtcl-4] Executing : report_utilization -file seq_probe_c_counter_binary_0_0_utilization_synth.rpt -pb seq_probe_c_counter_binary_0_0_utilization_synth.pb
INFO: [Common 17-206] Exiting Vivado at Sat Oct 19 03:05:27 2024...
